cuda
36000
4000
Data loaded!
Net Created!
Net sent to device!
Using: BCELoss
epoch: 0
	 train loss: 0.0058472018192211785
	 test loss: 0.005342080257833004
	 test accuracy; Trues: 0.054632134864169485 	 False: 16.962169250000002 	 Acc: 0.02683712473872671
epoch: 1
	 train loss: 0.005339804612100124
	 test loss: 0.005285555921494961
	 test accuracy; Trues: 0.02761972767913963 	 False: 14.946511249999997 	 Acc: 0.014273635124009759
epoch: 2
	 train loss: 0.005308786080943213
	 test loss: 0.005257827505469322
	 test accuracy; Trues: 0.0015491085186000442 	 False: 13.933597249999996 	 Acc: 0.0005137354171252476
epoch: 3
	 train loss: 0.005274715329209963
	 test loss: 0.005231741800904274
	 test accuracy; Trues: 0.0 	 False: 13.921727999999995 	 Acc: 0.0
epoch: 4
	 train loss: 0.005268667609327369
	 test loss: 0.005230649068951607
	 test accuracy; Trues: 0.0 	 False: 12.925367249999999 	 Acc: 0.0
epoch: 5
	 train loss: 0.005255239208539327
	 test loss: 0.005205456234514713
	 test accuracy; Trues: 0.0 	 False: 9.954720249999998 	 Acc: 0.0
epoch: 6
	 train loss: 0.005217527055905925
	 test loss: 0.005156094312667846
	 test accuracy; Trues: 0.0 	 False: 9.940832000000002 	 Acc: 0.0
epoch: 7
	 train loss: 0.005159738200406234
	 test loss: 0.005106889821588993
	 test accuracy; Trues: 0.0 	 False: 6.965823999999995 	 Acc: 0.0
epoch: 8
	 train loss: 0.005085682291951444
	 test loss: 0.005009007446467877
	 test accuracy; Trues: 0.0 	 False: 5.969855999999991 	 Acc: 0.0
epoch: 9
	 train loss: 0.005031444582674238
	 test loss: 0.004984325133264065
	 test accuracy; Trues: 0.0 	 False: 3.0017920000000013 	 Acc: 0.0
epoch: 10
	 train loss: 0.004982342057757908
	 test loss: 0.004935318529605865
	 test accuracy; Trues: 0.0 	 False: 2.9948480000000033 	 Acc: 0.0
epoch: 11
	 train loss: 0.004970589377813869
	 test loss: 0.004935103714466095
	 test accuracy; Trues: 0.0 	 False: 2.9928639999999977 	 Acc: 0.0
epoch: 12
	 train loss: 0.004970371895366245
	 test loss: 0.004934883661568165
	 test accuracy; Trues: 0.0 	 False: 2.988896000000003 	 Acc: 0.0
epoch: 13
	 train loss: 0.004960459492272801
	 test loss: 0.004910245947539807
	 test accuracy; Trues: 0.0 	 False: 1.9919359999999984 	 Acc: 0.0
epoch: 14
	 train loss: 0.004945305194291804
	 test loss: 0.004909960746765136
	 test accuracy; Trues: 0.0 	 False: 1.9889599999999983 	 Acc: 0.0
epoch: 15
	 train loss: 0.004944996308949259
	 test loss: 0.004909629344940185
	 test accuracy; Trues: 0.0 	 False: 1.9859839999999982 	 Acc: 0.0
epoch: 16
	 train loss: 0.004944637099073993
	 test loss: 0.004909247636795044
	 test accuracy; Trues: 0.0 	 False: 1.9849920000000019 	 Acc: 0.0
epoch: 17
	 train loss: 0.004944229939745532
	 test loss: 0.004908825114369393
	 test accuracy; Trues: 0.0 	 False: 1.984 	 Acc: 0.0
epoch: 18
	 train loss: 0.0049437941528028915
	 test loss: 0.004908386752009392
	 test accuracy; Trues: 0.0 	 False: 1.984 	 Acc: 0.0
epoch: 19
	 train loss: 0.004943353523810704
	 test loss: 0.004907952681183815
	 test accuracy; Trues: 0.0 	 False: 1.984 	 Acc: 0.0
epoch: 20
	 train loss: 0.004942923971348339
	 test loss: 0.004907534390687943
	 test accuracy; Trues: 0.0 	 False: 1.984 	 Acc: 0.0
epoch: 21
	 train loss: 0.004942513627310594
	 test loss: 0.004907146275043487
	 test accuracy; Trues: 0.0 	 False: 1.9830079999999983 	 Acc: 0.0
epoch: 22
	 train loss: 0.004942156046628952
	 test loss: 0.004906821966171265
	 test accuracy; Trues: 0.0 	 False: 1.9830079999999983 	 Acc: 0.0
epoch: 23
	 train loss: 0.0049418573669261405
	 test loss: 0.004906557761132717
	 test accuracy; Trues: 0.0 	 False: 1.9820160000000018 	 Acc: 0.0
epoch: 24
	 train loss: 0.004941626526415348
	 test loss: 0.004906360261142254
	 test accuracy; Trues: 0.0 	 False: 1.9820160000000018 	 Acc: 0.0
epoch: 25
	 train loss: 0.004941453820301427
	 test loss: 0.004906212151050568
	 test accuracy; Trues: 0.0 	 False: 1.9820160000000018 	 Acc: 0.0
epoch: 26
	 train loss: 0.0049413239533702535
	 test loss: 0.004906100265681744
	 test accuracy; Trues: 0.0 	 False: 1.9820160000000018 	 Acc: 0.0
epoch: 27
	 train loss: 0.004941225378877587
	 test loss: 0.004906014941632748
	 test accuracy; Trues: 0.0 	 False: 1.9820160000000018 	 Acc: 0.0
epoch: 28
	 train loss: 0.004941150529517067
	 test loss: 0.004905950471758842
	 test accuracy; Trues: 0.0 	 False: 1.9820160000000018 	 Acc: 0.0
epoch: 29
	 train loss: 0.004941093077262242
	 test loss: 0.004905900411307812
	 test accuracy; Trues: 0.0 	 False: 1.9820160000000018 	 Acc: 0.0

============================= JOB FEEDBACK =============================

Job ID: 1383949
Cluster: haic
User/Group: kj3268/scc
State: COMPLETED (exit code 0)
Partition: normal
Nodes: 1
Cores per node: 16
Nodelist: haicn1707
CPU Utilized: 01:35:28
CPU Efficiency: 6.04% of 1-02:20:00 core-walltime
Job Wall-clock time: 01:38:45
Starttime: Thu Aug 10 14:38:51 2023
Endtime: Thu Aug 10 16:17:36 2023
Memory Utilized: 2.90 GB
Memory Efficiency: 4.64% of 62.50 GB
Energy Consumed: 3568050 Joule / 991.125 Watthours
Average node power draw: 602.20253164557 Watt
