cuda
36000
4000
Data loaded!
Net Created!
Net sent to device!
Using: MSE_Count_Timing_Loss, weight = 0.1
epoch: 0
slurmstepd: error: *** JOB 1383947 ON haicn1707 CANCELLED AT 2023-08-10T16:51:24 ***

============================= JOB FEEDBACK =============================

Job ID: 1383947
Cluster: haic
User/Group: kj3268/scc
State: CANCELLED (exit code 0)
Partition: normal
Nodes: 1
Cores per node: 16
Nodelist: haicn1707
CPU Utilized: 00:00:00
CPU Efficiency: 0.00% of 2-00:09:20 core-walltime
Job Wall-clock time: 03:00:35
Starttime: Thu Aug 10 13:50:49 2023
Endtime: Thu Aug 10 16:51:24 2023
Memory Utilized: 2.81 GB
Memory Efficiency: 4.50% of 62.50 GB
Energy Consumed: 6370104 Joule / 1769.47333333333 Watthours
Average node power draw: 587.919150899862 Watt
