cuda
36000
4000
Using: MSE_Count_Chamfer_Loss (ugly implementation), weight = 0.1
epoch: 0
	 train loss: 0.6409924365373121
	 test loss: 0.1294274926185608
	 test accuracy; Trues: 0.20537635582043268 	 False: 0.005859375 	 Acc: 0.11395306682985892
	 Precision: 0.17035398230088494 	 Recall: 0.1949367088607595 	 F1 Score: 0.1818181818181818
epoch: 1
	 train loss: 0.1317143695704225
	 test loss: 0.08340523391962051
	 test accuracy; Trues: 0.47125620848015587 	 False: 0.00440625 	 Acc: 0.12378967019246882
	 Precision: 0.3905996758508914 	 Recall: 0.4584654407102093 	 F1 Score: 0.4218203033838973
epoch: 2
	 train loss: 0.08643117232413755
	 test loss: 0.08972711116075516
	 test accuracy; Trues: 0.5713660298368171 	 False: 0.0031171875 	 Acc: 0.14797769294848656
	 Precision: 0.527810650887574 	 Recall: 0.564914502849905 	 F1 Score: 0.5457326399510554
epoch: 3
	 train loss: 0.07422100270539522
	 test loss: 0.05505140498280525
	 test accuracy; Trues: 0.7336186689906617 	 False: 0.0033046875 	 Acc: 0.14137678952029842
	 Precision: 0.5793137742416709 	 Recall: 0.7373417721518988 	 F1 Score: 0.6488443330548594
epoch: 4
	 train loss: 0.05837723439807693
	 test loss: 0.044970590621232986
	 test accuracy; Trues: 0.7256216377552261 	 False: 0.00203125 	 Acc: 0.1355325504995236
	 Precision: 0.6882494004796164 	 Recall: 0.7275031685678074 	 F1 Score: 0.707332101047443
epoch: 5
	 train loss: 0.056493439531160726
	 test loss: 0.03929165378212929
	 test accuracy; Trues: 0.7929708972609208 	 False: 0.0019765625 	 Acc: 0.1441590873781454
	 Precision: 0.7120091064314172 	 Recall: 0.792273590880304 	 F1 Score: 0.7500000000000001
epoch: 6
	 train loss: 0.041397389000902576
	 test loss: 0.05945677310228348
	 test accuracy; Trues: 0.8785706341105883 	 False: 0.0019375 	 Acc: 0.14431778803159834
	 Precision: 0.7381203801478353 	 Recall: 0.8848101265822785 	 F1 Score: 0.8048359240069085
epoch: 7
	 train loss: 0.040896514009270406
	 test loss: 0.07182836532592773
	 test accuracy; Trues: 0.7719177589218192 	 False: 0.0013359375 	 Acc: 0.14110211784424687
	 Precision: 0.781190019193858 	 Recall: 0.7737642585551331 	 F1 Score: 0.7774594078319007
epoch: 8
	 train loss: 0.03915607471308775
	 test loss: 0.06457295268774033
	 test accuracy; Trues: 0.8733843651243484 	 False: 0.00131640625 	 Acc: 0.15075423261725462
	 Precision: 0.8045243619489559 	 Recall: 0.8789607097591888 	 F1 Score: 0.8400969109630527
epoch: 9
	 train loss: 0.029841126908444697
	 test loss: 0.08629941195249557
	 test accuracy; Trues: 0.8826994807728967 	 False: 0.00124609375 	 Acc: 0.15362869939469165
	 Precision: 0.8147502903600464 	 Recall: 0.8879746835443038 	 F1 Score: 0.8497880072683222
epoch: 10
	 train loss: 0.02671773194438881
	 test loss: 0.05115995928645134
	 test accuracy; Trues: 0.8774668296321803 	 False: 0.0011171875 	 Acc: 0.14439558228992644
	 Precision: 0.830166270783848 	 Recall: 0.883133291219204 	 F1 Score: 0.8558310376492194
epoch: 11
slurmstepd: error: *** JOB 1384626 ON haicn1708 CANCELLED AT 2023-08-18T23:56:21 DUE TO TIME LIMIT ***

============================= JOB FEEDBACK =============================

Job ID: 1384626
Cluster: haic
User/Group: kj3268/scc
State: TIMEOUT (exit code 0)
Partition: normal
Nodes: 1
Cores per node: 16
Nodelist: haicn1708
CPU Utilized: 00:00:00
CPU Efficiency: 0.00% of 5-08:06:56 core-walltime
Job Wall-clock time: 08:00:26
Starttime: Fri Aug 18 15:55:55 2023
Endtime: Fri Aug 18 23:56:21 2023
Memory Utilized: 2.55 GB
Memory Efficiency: 4.95% of 51.56 GB
Energy Consumed: 19460826 Joule / 5405.785 Watthours
Average node power draw: 675.113647401651 Watt

============================= JOB FEEDBACK =============================

Job ID: 1384740
Cluster: haic
User/Group: kj3268/scc
State: CANCELLED (exit code 0)
Partition: normal
Nodes: 1
Cores per node: 16
Nodelist: haicn1706
CPU Utilized: 00:00:00
CPU Efficiency: 0.00% of 00:01:52 core-walltime
Job Wall-clock time: 00:00:07
Starttime: Mon Aug 21 10:22:30 2023
Endtime: Mon Aug 21 10:22:37 2023
Memory Utilized: 0.00 MB (estimated maximum)
Memory Efficiency: 0.00% of 51.56 GB (3.22 GB/core)
