cuda
36000
4000
=> loading checkpoint 'checkpoint_petsim_1hidden_mse_count_timing_loss.pth.tar'
=> loaded checkpoint 'checkpoint_petsim_1hidden_mse_count_timing_loss.pth.tar' (epoch 30)
Using: MSE_Count_Timing_Loss, weight = 0.1
epoch: 30
	 train loss: 0.0001278748654465171
	 test loss: 0.0001083429524442181
	 test accuracy; Trues: 0.9299803733698729 	 False: 0.00122265625 	 Acc: 0.15276622648525884
	 Precision: 0.8251396648044693 	 Recall: 0.9377777777777778 	 F1 Score: 0.8778603268945023
epoch: 31
	 train loss: 0.00012850593537807716
	 test loss: 0.00014134641969576478
	 test accuracy; Trues: 0.8301152527623143 	 False: 0.00101953125 	 Acc: 0.14557732880712998
	 Precision: 0.8349146110056926 	 Recall: 0.8354430379746836 	 F1 Score: 0.8351787409047771
epoch: 32
	 train loss: 0.00012403652439449628
	 test loss: 0.00013883069914299995
	 test accuracy; Trues: 0.8449362463823453 	 False: 0.00105078125 	 Acc: 0.13986429571874917
	 Precision: 0.8333333333333334 	 Recall: 0.850189633375474 	 F1 Score: 0.8416770963704631
epoch: 33
	 train loss: 0.00012542081884522183
	 test loss: 0.00011211300443392247
	 test accuracy; Trues: 0.9074892012119434 	 False: 0.0011484375 	 Acc: 0.1540964446245978
	 Precision: 0.8307426597582038 	 Recall: 0.9156091370558376 	 F1 Score: 0.87111379414428
epoch: 34
	 train loss: 0.00012595195605924817
	 test loss: 0.00012512228568084538
	 test accuracy; Trues: 0.8913185767362718 	 False: 0.00121484375 	 Acc: 0.15818068532068905
	 Precision: 0.8207492795389049 	 Recall: 0.898989898989899 	 F1 Score: 0.8580897860801446
epoch: 35
	 train loss: 0.00012355755204596146
	 test loss: 0.00010361743625253439
	 test accuracy; Trues: 0.9207223586443832 	 False: 0.00111328125 	 Acc: 0.15804976992812056
	 Precision: 0.8374215630347975 	 Recall: 0.9302915082382763 	 F1 Score: 0.8814169918943261
epoch: 36
	 train loss: 0.00012270374485038124
	 test loss: 0.00013934723392594606
	 test accuracy; Trues: 0.8528952423124919 	 False: 0.00111328125 	 Acc: 0.14693838593918465
	 Precision: 0.8266423357664233 	 Recall: 0.8584965255843335 	 F1 Score: 0.8422683607065385
epoch: 37
	 train loss: 0.00012153294544337238
	 test loss: 0.00012737193901557475
	 test accuracy; Trues: 0.8614582688054475 	 False: 0.0010234375 	 Acc: 0.1529979150179235
	 Precision: 0.8401464307504576 	 Recall: 0.8693181818181818 	 F1 Score: 0.8544834005584857
epoch: 38
	 train loss: 0.00011705887141964885
	 test loss: 9.759578097146004e-05
	 test accuracy; Trues: 0.9381619370932681 	 False: 0.0011484375 	 Acc: 0.15518268552074413
	 Precision: 0.8364849833147943 	 Recall: 0.9488958990536278 	 F1 Score: 0.8891516405557198
epoch: 39
	 train loss: 0.00011828248005682379
	 test loss: 0.00010537132038734853
	 test accuracy; Trues: 0.9064218439190058 	 False: 0.0010546875 	 Acc: 0.15731189391600298
	 Precision: 0.8422897196261683 	 Recall: 0.9126582278481012 	 F1 Score: 0.8760631834750912
epoch: 40
	 train loss: 0.00011177980784062433
	 test loss: 0.00012685796536970884
	 test accuracy; Trues: 0.8505353486857521 	 False: 0.0008203125 	 Acc: 0.15172185493779694
	 Precision: 0.8655569782330346 	 Recall: 0.8578680203045685 	 F1 Score: 0.8616953473550032
epoch: 41
	 train loss: 0.00011064452486156206
	 test loss: 0.00012037088890792802
	 test accuracy; Trues: 0.860067705826541 	 False: 0.00085546875 	 Acc: 0.14909890203566084
	 Precision: 0.8619167717528373 	 Recall: 0.8640960809102401 	 F1 Score: 0.8630050505050505
epoch: 42
	 train loss: 0.00010799923956408482
	 test loss: 0.00010684069275157526
	 test accuracy; Trues: 0.8869294040091678 	 False: 0.0009375 	 Acc: 0.1480247240217017
	 Precision: 0.8551599275799638 	 Recall: 0.8962681846932321 	 F1 Score: 0.875231624459543
epoch: 43
	 train loss: 0.00010900678530187512
	 test loss: 0.00011887923756148666
	 test accuracy; Trues: 0.8970261253457971 	 False: 0.00117578125 	 Acc: 0.16067767128730473
	 Precision: 0.8257093225246092 	 Recall: 0.9025316455696203 	 F1 Score: 0.8624130631992742
epoch: 44
	 train loss: 0.00010558482064704617
	 test loss: 0.00011960143456235528
	 test accuracy; Trues: 0.8604814165468154 	 False: 0.00084375 	 Acc: 0.14442111952058323
	 Precision: 0.8632911392405064 	 Recall: 0.8654822335025381 	 F1 Score: 0.864385297845374
epoch: 45
	 train loss: 0.00010436790635998447
	 test loss: 9.18260047910735e-05
	 test accuracy; Trues: 0.9179019819292574 	 False: 0.00090625 	 Acc: 0.14491117941542225
	 Precision: 0.8618225134008338 	 Recall: 0.9210693825588797 	 F1 Score: 0.8904615384615384
epoch: 46
	 train loss: 9.869529566749375e-05
	 test loss: 9.332279296359047e-05
	 test accuracy; Trues: 0.9120038872372935 	 False: 0.00086328125 	 Acc: 0.14580075389607597
	 Precision: 0.8680597014925373 	 Recall: 0.9190897597977244 	 F1 Score: 0.8928461774639238
epoch: 47
	 train loss: 9.833629141919905e-05
	 test loss: 0.000160823023179546
	 test accuracy; Trues: 0.7608531594453911 	 False: 0.00068359375 	 Acc: 0.13456500598585006
	 Precision: 0.8732802317161478 	 Recall: 0.7637745408486384 	 F1 Score: 0.8148648648648649
epoch: 48
	 train loss: 0.00010066978031725663
	 test loss: 0.00011135166278108954
	 test accuracy; Trues: 0.9018087487484883 	 False: 0.00108203125 	 Acc: 0.15154023167642583
	 Precision: 0.8382009345794392 	 Recall: 0.9093789607097592 	 F1 Score: 0.8723404255319149
epoch: 49
	 train loss: 0.00010075265913094159
	 test loss: 8.559981506550685e-05
	 test accuracy; Trues: 0.9329224864923419 	 False: 0.000890625 	 Acc: 0.1549517484602026
	 Precision: 0.8669778296382731 	 Recall: 0.9387239418825016 	 F1 Score: 0.9014255383682135
epoch: 50
	 train loss: 9.867221931292273e-05
	 test loss: 9.309039160143584e-05
	 test accuracy; Trues: 0.8994721989381577 	 False: 0.00077734375 	 Acc: 0.148836477699982
	 Precision: 0.8778391651319828 	 Recall: 0.9056364787840405 	 F1 Score: 0.8915211970074813
epoch: 51
	 train loss: 9.627915084512435e-05
	 test loss: 0.00011362032819306478
	 test accuracy; Trues: 0.8668750242418167 	 False: 0.000765625 	 Acc: 0.1513767407540833
	 Precision: 0.8742783835792175 	 Recall: 0.8698149329929802 	 F1 Score: 0.872040946896993
epoch: 52
	 train loss: 9.197377237441353e-05
	 test loss: 0.00010232446220470592
	 test accuracy; Trues: 0.8938222600538679 	 False: 0.00083203125 	 Acc: 0.14374542689710215
	 Precision: 0.8698839340256567 	 Recall: 0.8978562421185372 	 F1 Score: 0.8836487744337574
epoch: 53
	 train loss: 8.716799050304837e-05
	 test loss: 8.983084262581542e-05
	 test accuracy; Trues: 0.9093006820598122 	 False: 0.000796875 	 Acc: 0.1482211234114918
	 Precision: 0.8760631834750912 	 Recall: 0.9149746192893401 	 F1 Score: 0.8950962135319678
epoch: 54
	 train loss: 8.913736703516327e-05
	 test loss: 0.00012010120553895831
	 test accuracy; Trues: 0.8710927778898989 	 False: 0.00102734375 	 Acc: 0.14927450192597916
	 Precision: 0.8407990314769975 	 Recall: 0.8785578747628083 	 F1 Score: 0.859263841633158
epoch: 55
	 train loss: 8.697422315438294e-05
	 test loss: 0.00012305691780056804
	 test accuracy; Trues: 0.854842831575775 	 False: 0.0007578125 	 Acc: 0.1355746540483849
	 Precision: 0.8750804893754024 	 Recall: 0.859039190897598 	 F1 Score: 0.8669856459330143
epoch: 56
	 train loss: 9.383890897993691e-05
	 test loss: 0.00011454704508651048
	 test accuracy; Trues: 0.8402638937915023 	 False: 0.0006953125 	 Acc: 0.13398360782275068
	 Precision: 0.8825082508250826 	 Recall: 0.8451327433628318 	 F1 Score: 0.8634162092347434
epoch: 57
	 train loss: 9.047321341971641e-05
	 test loss: 8.632530079921708e-05
	 test accuracy; Trues: 0.9195586662880356 	 False: 0.0008125 	 Acc: 0.14977730103585402
	 Precision: 0.875968992248062 	 Recall: 0.9268138801261829 	 F1 Score: 0.9006744328632741
epoch: 58
	 train loss: 9.158624849788863e-05
	 test loss: 7.278307748492807e-05
	 test accuracy; Trues: 0.9400316089082148 	 False: 0.00079296875 	 Acc: 0.14428963158450872
	 Precision: 0.8812170860152135 	 Recall: 0.9501577287066246 	 F1 Score: 0.9143897996357012
epoch: 59
	 train loss: 8.599819372977022e-05
	 test loss: 8.104601147351786e-05
	 test accuracy; Trues: 0.9159984290501024 	 False: 0.000703125 	 Acc: 0.13874195881159232
	 Precision: 0.8900427611484423 	 Recall: 0.9233206590621039 	 F1 Score: 0.9063763608087092

============================= JOB FEEDBACK =============================

Job ID: 1384999
Cluster: haic
User/Group: kj3268/scc
State: COMPLETED (exit code 0)
Partition: normal
Nodes: 1
Cores per node: 16
Nodelist: haicn1706
CPU Utilized: 05:39:56
CPU Efficiency: 6.16% of 3-19:56:48 core-walltime
Job Wall-clock time: 05:44:48
Starttime: Wed Aug 23 07:48:54 2023
Endtime: Wed Aug 23 13:33:42 2023
Memory Utilized: 2.49 GB
Memory Efficiency: 4.83% of 51.56 GB
Energy Consumed: 14282389 Joule / 3967.33027777778 Watthours
Average node power draw: 690.370697989172 Watt
