cuda
36000
4000
Using: MSE_Count_Chamfer_Loss, (pretty implementation), weight = 0.1
epoch: 0
slurmstepd: error: *** JOB 1384625 ON haicn1708 CANCELLED AT 2023-08-18T23:55:51 DUE TO TIME LIMIT ***

============================= JOB FEEDBACK =============================

Job ID: 1384625
Cluster: haic
User/Group: kj3268/scc
State: TIMEOUT (exit code 0)
Partition: normal
Nodes: 1
Cores per node: 16
Nodelist: haicn1708
CPU Utilized: 00:00:00
CPU Efficiency: 0.00% of 5-08:00:00 core-walltime
Job Wall-clock time: 08:00:00
Starttime: Fri Aug 18 15:55:51 2023
Endtime: Fri Aug 18 23:55:51 2023
Memory Utilized: 2.89 GB
Memory Efficiency: 5.61% of 51.56 GB
Energy Consumed: 19447402 Joule / 5402.05611111111 Watthours
Average node power draw: 675.257013888889 Watt
