cuda
36000
4000
Using: MSE_Count_Timing_Loss, weight = 0.1
epoch: 0
	 train loss: 0.007382713659769959
	 test loss: 0.0009014798561111093
	 test accuracy; Trues: 0.34176614516653386 	 False: 0.0077890625 	 Acc: 0.14109203519470606
epoch: 1
	 train loss: 0.000687124961366256
	 test loss: 0.0005361770163290203
	 test accuracy; Trues: 0.5492938892995812 	 False: 0.0041171875 	 Acc: 0.14369131423844395
epoch: 2
	 train loss: 0.00045971933754885365
	 test loss: 0.00039708876283839345
	 test accuracy; Trues: 0.6948910311589385 	 False: 0.00322265625 	 Acc: 0.13373046181399265
epoch: 3
	 train loss: 0.0003364700146097069
	 test loss: 0.00029434842872433364
	 test accuracy; Trues: 0.7694573769160185 	 False: 0.0024375 	 Acc: 0.14331834074676764
epoch: 4
	 train loss: 0.00027659773307904187
	 test loss: 0.00024232575378846377
	 test accuracy; Trues: 0.8021887179619296 	 False: 0.0019609375 	 Acc: 0.13694166368864016
epoch: 5
	 train loss: 0.00024136793428462827
	 test loss: 0.00023154157679527998
	 test accuracy; Trues: 0.7847436986702384 	 False: 0.00178515625 	 Acc: 0.13066544191885404
epoch: 6
	 train loss: 0.00021313981886487453
	 test loss: 0.00020780423074029386
	 test accuracy; Trues: 0.7999866473963608 	 False: 0.00159375 	 Acc: 0.13319433013023532
epoch: 7
	 train loss: 0.0001975029367668968
	 test loss: 0.00018656326574273407
	 test accuracy; Trues: 0.8269432700449744 	 False: 0.00154296875 	 Acc: 0.14087448722798504
epoch: 8
	 train loss: 0.00017635714263370674
	 test loss: 0.00015953980619087815
	 test accuracy; Trues: 0.8607835188025832 	 False: 0.0013359375 	 Acc: 0.13637223063762013
epoch: 9
	 train loss: 0.00016390473717345027
	 test loss: 0.00015156528388615698
	 test accuracy; Trues: 0.8387062436302307 	 False: 0.0011015625 	 Acc: 0.13966845032789416
epoch: 10
	 train loss: 0.0001518156110056831
	 test loss: 0.00013578783546108752
	 test accuracy; Trues: 0.8623638804542713 	 False: 0.0010546875 	 Acc: 0.13603168843161498
epoch: 11
	 train loss: 0.0001389011107579184
	 test loss: 0.00012781844998244196
	 test accuracy; Trues: 0.8757985258286278 	 False: 0.00109375 	 Acc: 0.1464818312365195
epoch: 12
	 train loss: 0.0001270921396337346
	 test loss: 0.0001175588695332408
	 test accuracy; Trues: 0.8899983974895432 	 False: 0.001078125 	 Acc: 0.14276468612910337
epoch: 13
	 train loss: 0.00011389042274444547
	 test loss: 0.00010803366603795439
	 test accuracy; Trues: 0.8890270129353008 	 False: 0.00087890625 	 Acc: 0.13824187505356086
epoch: 14
	 train loss: 0.00010516482497960035
	 test loss: 0.00011780360364355147
	 test accuracy; Trues: 0.8619553745343019 	 False: 0.00091015625 	 Acc: 0.13968445174915398
epoch: 15
	 train loss: 0.00010052503510720751
	 test loss: 0.00011331078712828457
	 test accuracy; Trues: 0.8913806058391589 	 False: 0.001015625 	 Acc: 0.1454963531534887
epoch: 16
	 train loss: 9.938126971955401e-05
	 test loss: 0.000108567692223005
	 test accuracy; Trues: 0.8710964732673369 	 False: 0.00081640625 	 Acc: 0.1432381002809985
epoch: 17
	 train loss: 9.905703298318337e-05
	 test loss: 0.00010632688645273447
	 test accuracy; Trues: 0.9035599616216011 	 False: 0.000984375 	 Acc: 0.14762051449880167
epoch: 18
	 train loss: 0.00010622430466255947
	 test loss: 0.00012733490439131856
	 test accuracy; Trues: 0.8307974144587198 	 False: 0.0007890625 	 Acc: 0.14201636450208138
epoch: 19
	 train loss: 0.000103607157639628
	 test loss: 0.00010605515126371756
	 test accuracy; Trues: 0.8956193310034154 	 False: 0.0009609375 	 Acc: 0.14258669928381287
epoch: 20
	 train loss: 0.00010355515023890799
	 test loss: 0.00010706606553867459
	 test accuracy; Trues: 0.913911345657709 	 False: 0.001171875 	 Acc: 0.14264745073697363
epoch: 21
	 train loss: 0.00010567035639365467
	 test loss: 0.00012510144733823836
	 test accuracy; Trues: 0.8676476235397304 	 False: 0.00105859375 	 Acc: 0.15391434540234922
epoch: 22
	 train loss: 0.00011049915399514513
	 test loss: 0.0001248033659067005
	 test accuracy; Trues: 0.8660776295844597 	 False: 0.0010390625 	 Acc: 0.1403155459669491
epoch: 23
	 train loss: 0.00011567514199788716
	 test loss: 0.00011832702875835821
	 test accuracy; Trues: 0.8892094777493064 	 False: 0.00113671875 	 Acc: 0.14506709870393575
epoch: 24
	 train loss: 0.00011637176328738421
	 test loss: 0.0001435827143723145
	 test accuracy; Trues: 0.9283713656845057 	 False: 0.00179296875 	 Acc: 0.150161626051681
epoch: 25
	 train loss: 0.00012720026412094558
	 test loss: 0.00014256271242629737
	 test accuracy; Trues: 0.8183240895187642 	 False: 0.00092578125 	 Acc: 0.1405628730589265
epoch: 26
	 train loss: 0.00012334227220438582
	 test loss: 0.00012184186198282987
	 test accuracy; Trues: 0.8577962878993263 	 False: 0.00097265625 	 Acc: 0.14718231173488236
epoch: 27
	 train loss: 0.0001196421492285514
	 test loss: 0.0001178513775812462
	 test accuracy; Trues: 0.8833539122236893 	 False: 0.001078125 	 Acc: 0.1550367839053884
epoch: 28
	 train loss: 0.0001225359213549745
	 test loss: 0.00011935509974136949
	 test accuracy; Trues: 0.9327341472590263 	 False: 0.0014609375 	 Acc: 0.16214760194964184
epoch: 29
	 train loss: 0.00012100472936431178
	 test loss: 0.00013808162475470454
	 test accuracy; Trues: 0.8795200111571657 	 False: 0.001328125 	 Acc: 0.14901335708025729
epoch: 30
	 train loss: 0.00012112138613808633
	 test loss: 0.0001576054492034018
	 test accuracy; Trues: 0.829384603036744 	 False: 0.00121875 	 Acc: 0.14715528141972528
epoch: 31
	 train loss: 0.00011845278507776729
	 test loss: 0.0001316141861025244
	 test accuracy; Trues: 0.8728828917381225 	 False: 0.0011328125 	 Acc: 0.14828247128696245
epoch: 32
	 train loss: 0.00012106448701278083
	 test loss: 0.00014159483544062823
	 test accuracy; Trues: 0.8651870908635568 	 False: 0.0013125 	 Acc: 0.14670897299473135
epoch: 33
	 train loss: 0.00011865024073308127
	 test loss: 0.0001296251721214503
	 test accuracy; Trues: 0.916312593156837 	 False: 0.0014765625 	 Acc: 0.15832240366587963
epoch: 34
	 train loss: 0.00011866900577226305
	 test loss: 0.0001328785001533106
	 test accuracy; Trues: 0.8621903438212173 	 False: 0.001125 	 Acc: 0.15527974347927487
epoch: 35
slurmstepd: error: *** JOB 1383787 ON haicn1707 CANCELLED AT 2023-08-09T01:00:04 DUE TO TIME LIMIT ***

============================= JOB FEEDBACK =============================

Job ID: 1383787
Cluster: haic
User/Group: kj3268/scc
State: TIMEOUT (exit code 0)
Partition: normal
Nodes: 1
Cores per node: 16
Nodelist: haicn1707
CPU Utilized: 00:00:00
CPU Efficiency: 0.00% of 5-08:03:12 core-walltime
Job Wall-clock time: 08:00:12
Starttime: Tue Aug  8 16:59:52 2023
Endtime: Wed Aug  9 01:00:04 2023
Memory Utilized: 2.62 GB
Memory Efficiency: 5.07% of 51.56 GB
Energy Consumed: 18191960 Joule / 5053.32222222222 Watthours
Average node power draw: 631.402193530473 Watt
