cuda
36000
4000
Using: MSE_Count_Loss
epoch: 0
	 train loss: 1.3517760374674658e-05
	 test loss: 8.592125055884026e-08
	 test accuracy; Trues: 0.10500451081321716 	 False: 0.0104921875 	 Acc: 0.13881833451999057
	 Precision: 0.05489092188599578 	 Recall: 0.09873417721518987 	 F1 Score: 0.07055630936227951
epoch: 1
	 train loss: 7.843063569149914e-08
	 test loss: 6.7171235684782e-08
	 test accuracy; Trues: 0.18310250443990062 	 False: 0.00747265625 	 Acc: 0.12141697010472605
	 Precision: 0.12207434603028912 	 Recall: 0.1686746987951807 	 F1 Score: 0.14164004259850904
epoch: 2
	 train loss: 6.375145311052519e-08
	 test loss: 5.751953224830686e-08
	 test accuracy; Trues: 0.3729729793722521 	 False: 0.00751953125 	 Acc: 0.12752860066902147
	 Precision: 0.22752808988764045 	 Recall: 0.3590880303989867 	 F1 Score: 0.27855563743551953
epoch: 3
	 train loss: 4.8857065113199696e-08
	 test loss: 4.057617175590167e-08
	 test accuracy; Trues: 0.5092864939791171 	 False: 0.0051640625 	 Acc: 0.13512157575450665
	 Precision: 0.372865275142315 	 Recall: 0.49746835443037973 	 F1 Score: 0.42624728850325383
epoch: 4
	 train loss: 3.730107453097591e-08
	 test loss: 3.193359532360773e-08
	 test accuracy; Trues: 0.5256128336204718 	 False: 0.00336328125 	 Acc: 0.13668136668956882
	 Precision: 0.4868891537544696 	 Recall: 0.517743979721166 	 F1 Score: 0.501842751842752
epoch: 5
	 train loss: 3.129883137218156e-08
	 test loss: 2.749023941817086e-08
	 test accuracy; Trues: 0.653000097301415 	 False: 0.00340625 	 Acc: 0.14353809484215183
	 Precision: 0.5412940557601262 	 Recall: 0.6516782773907537 	 F1 Score: 0.5913793103448276
epoch: 6
	 train loss: 2.6663775895169946e-08
	 test loss: 2.3323567077682128e-08
	 test accuracy; Trues: 0.7273871329521806 	 False: 0.00312109375 	 Acc: 0.13804904299402312
	 Precision: 0.5894141829393628 	 Recall: 0.7259493670886076 	 F1 Score: 0.650595575723199
epoch: 7
	 train loss: 2.4650971904331223e-08
	 test loss: 2.5764977706899117e-08
	 test accuracy; Trues: 0.6164840343879923 	 False: 0.00293359375 	 Acc: 0.13004839458950346
	 Precision: 0.5608187134502924 	 Recall: 0.6077313054499366 	 F1 Score: 0.5833333333333333
epoch: 8
	 train loss: 2.3034218193471487e-08
	 test loss: 2.037760360451557e-08
	 test accuracy; Trues: 0.7027999034133151 	 False: 0.002390625 	 Acc: 0.1314993088880144
	 Precision: 0.6445993031358885 	 Recall: 0.7034220532319392 	 F1 Score: 0.6727272727272727
epoch: 9
	 train loss: 1.9699437785902775e-08
	 test loss: 1.8847657656806405e-08
	 test accuracy; Trues: 0.7611008322265493 	 False: 0.00259765625 	 Acc: 0.1436047728182468
	 Precision: 0.6441947565543071 	 Recall: 0.7620253164556962 	 F1 Score: 0.6981733835894463
epoch: 10
	 train loss: 1.7635997180557675e-08
	 test loss: 1.5543621501024063e-08
	 test accuracy; Trues: 0.7882034990426418 	 False: 0.0019765625 	 Acc: 0.13456150977226178
	 Precision: 0.7128263337116912 	 Recall: 0.7934301958307012 	 F1 Score: 0.7509715994020927
epoch: 11
	 train loss: 1.5503835485159496e-08
	 test loss: 1.536458427153775e-08
	 test accuracy; Trues: 0.751037146720865 	 False: 0.00164453125 	 Acc: 0.13322955501789413
	 Precision: 0.7386716325263811 	 Recall: 0.7541191381495564 	 F1 Score: 0.7463154593916589
epoch: 12
	 train loss: 1.3861763555272294e-08
	 test loss: 1.336262833717683e-08
	 test accuracy; Trues: 0.8102501758925902 	 False: 0.0016640625 	 Acc: 0.1376572115214747
	 Precision: 0.7504393673110721 	 Recall: 0.8102466793168881 	 F1 Score: 0.7791970802919709
epoch: 13
	 train loss: 1.324146543919053e-08
	 test loss: 1.2972007468192714e-08
	 test accuracy; Trues: 0.8302792835010432 	 False: 0.00176953125 	 Acc: 0.142510793460562
	 Precision: 0.7442123094297007 	 Recall: 0.8347055098163395 	 F1 Score: 0.786865671641791
epoch: 14
	 train loss: 1.3004558616340016e-08
	 test loss: 1.1474610595030299e-08
	 test accuracy; Trues: 0.8418175965575302 	 False: 0.0014453125 	 Acc: 0.14374894093616586
	 Precision: 0.7831184056271981 	 Recall: 0.8445006321112516 	 F1 Score: 0.8126520681265206
epoch: 15
	 train loss: 1.2062356522414398e-08
	 test loss: 1.144205707959145e-08
	 test accuracy; Trues: 0.8289733566181592 	 False: 0.00147265625 	 Acc: 0.1380017568706174
	 Precision: 0.7778432527990572 	 Recall: 0.8349146110056926 	 F1 Score: 0.8053691275167787
epoch: 16
	 train loss: 1.1841725701344785e-08
	 test loss: 1.1311851011441831e-08
	 test accuracy; Trues: 0.8274485357105128 	 False: 0.00146875 	 Acc: 0.1356447999217014
	 Precision: 0.7771191464137522 	 Recall: 0.8307984790874525 	 F1 Score: 0.8030627871362941
epoch: 17
	 train loss: 1.133355151239357e-08
	 test loss: 1.5608723202831243e-08
	 test accuracy; Trues: 0.8006541157767902 	 False: 0.00221484375 	 Acc: 0.13967638736927385
	 Precision: 0.690671031096563 	 Recall: 0.7992424242424242 	 F1 Score: 0.7410008779631255
epoch: 18
	 train loss: 1.2207032479949476e-08
	 test loss: 1.1572265812276328e-08
	 test accuracy; Trues: 0.7919478314919477 	 False: 0.00119921875 	 Acc: 0.13297462604234664
	 Precision: 0.803331197950032 	 Recall: 0.7936708860759494 	 F1 Score: 0.7984718242597898
epoch: 19
	 train loss: 1.1201534714110216e-08
	 test loss: 1.020507855997721e-08
	 test accuracy; Trues: 0.8422669380315453 	 False: 0.0012734375 	 Acc: 0.13231798364974695
	 Precision: 0.8040865384615384 	 Recall: 0.8452305748578648 	 F1 Score: 0.8241453649522636
epoch: 20
	 train loss: 9.604673995590298e-09
	 test loss: 1.1279297496002982e-08
	 test accuracy; Trues: 0.8535851985977262 	 False: 0.001609375 	 Acc: 0.13579271508273894
	 Precision: 0.7674943566591422 	 Recall: 0.8591282375236892 	 F1 Score: 0.8107302533532041
epoch: 21
	 train loss: 9.024161751290825e-09
	 test loss: 9.960939628683718e-09
	 test accuracy; Trues: 0.839646434196044 	 False: 0.00116015625 	 Acc: 0.13709429764712777
	 Precision: 0.8177914110429448 	 Recall: 0.8426042983565107 	 F1 Score: 0.8300124533001246
epoch: 22
	 train loss: 8.895761867775162e-09
	 test loss: 9.505210840643485e-09
	 test accuracy; Trues: 0.8666987831358464 	 False: 0.00126953125 	 Acc: 0.14360365430917907
	 Precision: 0.8089359200470312 	 Recall: 0.8714376187460418 	 F1 Score: 0.8390243902439024
epoch: 23
	 train loss: 9.241175672198348e-09
	 test loss: 1.0091146585011757e-08
	 test accuracy; Trues: 0.8089704029561633 	 False: 0.0010546875 	 Acc: 0.13762965939922198
	 Precision: 0.8262548262548263 	 Recall: 0.8147208121827412 	 F1 Score: 0.8204472843450481
epoch: 24
	 train loss: 8.828849262935515e-09
	 test loss: 7.617188657604856e-09
	 test accuracy; Trues: 0.9084841285692554 	 False: 0.00110546875 	 Acc: 0.14915309935592216
	 Precision: 0.8366050808314087 	 Recall: 0.9147727272727273 	 F1 Score: 0.8739445114595898
epoch: 25
	 train loss: 8.519604432895751e-09
	 test loss: 8.398439277357284e-09
	 test accuracy; Trues: 0.8884662625443228 	 False: 0.0011796875 	 Acc: 0.145780866677867
	 Precision: 0.8244186046511628 	 Recall: 0.8946372239747634 	 F1 Score: 0.8580937972768533
epoch: 26
	 train loss: 8.855975999940331e-09
	 test loss: 8.561199749124171e-09
	 test accuracy; Trues: 0.8804794501316159 	 False: 0.00116015625 	 Acc: 0.1433251486663727
	 Precision: 0.8250883392226148 	 Recall: 0.8872704243191893 	 F1 Score: 0.8550503509307293
epoch: 27
	 train loss: 8.387587618427814e-09
	 test loss: 7.682292135768876e-09
	 test accuracy; Trues: 0.8952932193247968 	 False: 0.00101171875 	 Acc: 0.14373115469907916
	 Precision: 0.8461995249406176 	 Recall: 0.9007585335018964 	 F1 Score: 0.872627066748316
epoch: 28
	 train loss: 8.577474792856618e-09
	 test loss: 8.610027357747185e-09
	 test accuracy; Trues: 0.8918493869956882 	 False: 0.0012109375 	 Acc: 0.14192093099943456
	 Precision: 0.8209127671865973 	 Recall: 0.8999366687777074 	 F1 Score: 0.8586102719033233
epoch: 29
	 train loss: 9.481699443764709e-09
	 test loss: 9.847008541896685e-09
	 test accuracy; Trues: 0.8318031570894293 	 False: 0.0009453125 	 Acc: 0.13998580636647354
	 Precision: 0.8452685421994884 	 Recall: 0.8367088607594937 	 F1 Score: 0.8409669211195929

============================= JOB FEEDBACK =============================

Job ID: 1384622
Cluster: haic
User/Group: kj3268/scc
State: COMPLETED (exit code 0)
Partition: normal
Nodes: 1
Cores per node: 16
Nodelist: haicn1708
CPU Utilized: 06:51:53
CPU Efficiency: 6.19% of 4-14:59:12 core-walltime
Job Wall-clock time: 06:56:12
Starttime: Fri Aug 18 15:55:37 2023
Endtime: Fri Aug 18 22:51:49 2023
Memory Utilized: 2.52 GB
Memory Efficiency: 4.89% of 51.56 GB
Energy Consumed: 17298845 Joule / 4805.23472222222 Watthours
Average node power draw: 692.729657216082 Watt
