cuda
36000
4000
=> loading checkpoint 'checkpoint_petsim_1hidden_mse_count_timing_loss_plus_geometry.pth.tar'
=> loaded checkpoint 'checkpoint_petsim_1hidden_mse_count_timing_loss_plus_geometry.pth.tar' (epoch 30)
Using: MSE_Count_Timing_Loss, weight = 0.1
epoch: 30
	 train loss: 0.00012247823368769615
	 test loss: 0.00012634640734177083
	 test accuracy; Trues: 0.8620393712106355 	 False: 0.00104296875 	 Acc: 0.15005992949022012
	 Precision: 0.8375912408759124 	 Recall: 0.8693181818181818 	 F1 Score: 0.8531598513011153
epoch: 31
	 train loss: 0.000124008869572999
	 test loss: 0.00013285843306221068
	 test accuracy; Trues: 0.8450200931210364 	 False: 0.00103125 	 Acc: 0.15140916654259945
	 Precision: 0.8363298202107874 	 Recall: 0.8537974683544304 	 F1 Score: 0.8449733792671469
epoch: 32
	 train loss: 0.00012078389676701562
	 test loss: 0.00011690289829857647
	 test accuracy; Trues: 0.9081122149995249 	 False: 0.00121875 	 Acc: 0.16371014373684645
	 Precision: 0.8225255972696246 	 Recall: 0.9146110056925996 	 F1 Score: 0.8661275831087152
epoch: 33
	 train loss: 0.0001209811233615028
	 test loss: 0.00013987079728394747
	 test accuracy; Trues: 0.8494744329864206 	 False: 0.00114453125 	 Acc: 0.15462367696316892
	 Precision: 0.8224242424242424 	 Recall: 0.8594046865104497 	 F1 Score: 0.8405078971817899
epoch: 34
	 train loss: 0.00012020819409419146
	 test loss: 0.00012509481166489422
	 test accuracy; Trues: 0.901889305675277 	 False: 0.0013203125 	 Acc: 0.15127227542335228
	 Precision: 0.8096846846846847 	 Recall: 0.90955091714105 	 F1 Score: 0.8567173071194519
epoch: 35
	 train loss: 0.00012428885948835482
	 test loss: 0.00013659430260304362
	 test accuracy; Trues: 0.8457417350041432 	 False: 0.00101171875 	 Acc: 0.14231011982804442
	 Precision: 0.8389303482587065 	 Recall: 0.8537974683544304 	 F1 Score: 0.8462986198243414
epoch: 36
	 train loss: 0.00011865205612007972
	 test loss: 0.00012689419963862747
	 test accuracy; Trues: 0.8853387669806135 	 False: 0.0011796875 	 Acc: 0.16102211339337505
	 Precision: 0.8237011091652072 	 Recall: 0.8924731182795699 	 F1 Score: 0.856709168184578
epoch: 37
	 train loss: 0.00011842065485428401
	 test loss: 0.0001364001218462363
	 test accuracy; Trues: 0.8502073070937682 	 False: 0.00105078125 	 Acc: 0.16036710197364065
	 Precision: 0.8336425479282622 	 Recall: 0.8531645569620253 	 F1 Score: 0.8432905849233657
epoch: 38
	 train loss: 0.00011586665250559413
	 test loss: 0.00014366251707542688
	 test accuracy; Trues: 0.8483468420195887 	 False: 0.0011015625 	 Acc: 0.16588290059065172
	 Precision: 0.8268876611418048 	 Recall: 0.8519924098671727 	 F1 Score: 0.8392523364485982
epoch: 39
	 train loss: 0.0001133727815128067
	 test loss: 0.00011684416676871479
	 test accuracy; Trues: 0.8909165619214937 	 False: 0.00105859375 	 Acc: 0.14953476407412072
	 Precision: 0.83926453143535 	 Recall: 0.8950031625553447 	 F1 Score: 0.8662381389654117
epoch: 40
	 train loss: 0.00011202827073061331
	 test loss: 0.0001303585449932143
	 test accuracy; Trues: 0.8565055270907818 	 False: 0.0010234375 	 Acc: 0.15029311043298899
	 Precision: 0.8388683886838868 	 Recall: 0.8649334178820546 	 F1 Score: 0.8517015298157976
epoch: 41
	 train loss: 0.0001103687710275657
	 test loss: 0.00011912784248124808
	 test accuracy; Trues: 0.8776271301057157 	 False: 0.00099609375 	 Acc: 0.1578425576906898
	 Precision: 0.8458282950423216 	 Recall: 0.8843236409608091 	 F1 Score: 0.864647713226205
epoch: 42
	 train loss: 0.0001073073446668739
	 test loss: 0.00013111329462844878
	 test accuracy; Trues: 0.8542600801936389 	 False: 0.00101953125 	 Acc: 0.1510611321129404
	 Precision: 0.8386897404202719 	 Recall: 0.8610406091370558 	 F1 Score: 0.849718221665623
epoch: 43
	 train loss: 0.00011103145934520203
	 test loss: 0.00018907581397797912
	 test accuracy; Trues: 0.6985380767144231 	 False: 0.0006796875 	 Acc: 0.1284478205338625
	 Precision: 0.8633150039277298 	 Recall: 0.6938131313131313 	 F1 Score: 0.7693384669233462
epoch: 44
	 train loss: 0.00010664356336243941
	 test loss: 0.00011408324644435197
	 test accuracy; Trues: 0.8911499547976847 	 False: 0.00105859375 	 Acc: 0.14868260835619762
	 Precision: 0.8396449704142012 	 Recall: 0.8969658659924147 	 F1 Score: 0.8673594132029341
epoch: 45
	 train loss: 0.00010222656396180302
	 test loss: 0.00011535181693034247
	 test accuracy; Trues: 0.8753197094900056 	 False: 0.00093359375 	 Acc: 0.1519123595796061
	 Precision: 0.8531941031941032 	 Recall: 0.8802281368821293 	 F1 Score: 0.8665003119151591
epoch: 46
	 train loss: 0.00010236549890466762
	 test loss: 0.00010284261225024238
	 test accuracy; Trues: 0.8963394178516737 	 False: 0.00096484375 	 Acc: 0.1484092902114944
	 Precision: 0.8520071899340923 	 Recall: 0.9057324840764331 	 F1 Score: 0.8780487804878049
epoch: 47
	 train loss: 9.58387980534899e-05
	 test loss: 0.00010687438771128654
	 test accuracy; Trues: 0.8935260701396069 	 False: 0.00093359375 	 Acc: 0.15761093280174218
	 Precision: 0.8562838244137102 	 Recall: 0.898989898989899 	 F1 Score: 0.8771173390822298
epoch: 48
	 train loss: 9.397550890791785e-05
	 test loss: 0.00010984046821249649
	 test accuracy; Trues: 0.8913488660841036 	 False: 0.00103515625 	 Acc: 0.14662856117009204
	 Precision: 0.8433806146572104 	 Recall: 0.9008838383838383 	 F1 Score: 0.8711843711843711
epoch: 49
	 train loss: 9.52531397546876e-05
	 test loss: 9.882634185487404e-05
	 test accuracy; Trues: 0.9029262540941296 	 False: 0.00089453125 	 Acc: 0.14602357163980662
	 Precision: 0.8624624624624625 	 Recall: 0.9105897273303741 	 F1 Score: 0.8858729179518815
epoch: 50
	 train loss: 9.158890514393291e-05
	 test loss: 0.00012682599481195211
	 test accuracy; Trues: 0.8286055246643886 	 False: 0.00078515625 	 Acc: 0.1394990743877926
	 Precision: 0.8674142480211082 	 Recall: 0.8343908629441624 	 F1 Score: 0.8505821474773609
epoch: 51
	 train loss: 8.952933424799486e-05
	 test loss: 9.383084397995844e-05
	 test accuracy; Trues: 0.9331876752409899 	 False: 0.00103515625 	 Acc: 0.14953250547921507
	 Precision: 0.8489167616875712 	 Recall: 0.941808981657179 	 F1 Score: 0.8929535232383807
epoch: 52
	 train loss: 9.08392140272759e-05
	 test loss: 9.888227214105427e-05
	 test accuracy; Trues: 0.9087004191321406 	 False: 0.0009296875 	 Acc: 0.16056832886328373
	 Precision: 0.8583333333333333 	 Recall: 0.9155555555555556 	 F1 Score: 0.886021505376344
epoch: 53
	 train loss: 8.510670966851919e-05
	 test loss: 9.685031545814127e-05
	 test accuracy; Trues: 0.9002055048426059 	 False: 0.0008203125 	 Acc: 0.15005052308870623
	 Precision: 0.8721071863580999 	 Recall: 0.9063291139240506 	 F1 Score: 0.888888888888889
epoch: 54
	 train loss: 8.191700904553301e-05
	 test loss: 8.282806811621413e-05
	 test accuracy; Trues: 0.9283445391082844 	 False: 0.00084375 	 Acc: 0.1499504766975245
	 Precision: 0.8725663716814159 	 Recall: 0.9366687777074097 	 F1 Score: 0.9034819792302994
epoch: 55
	 train loss: 8.14659303328607e-05
	 test loss: 0.00010034981823991984
	 test accuracy; Trues: 0.9192754903432546 	 False: 0.001078125 	 Acc: 0.15341087089707325
	 Precision: 0.8410138248847926 	 Recall: 0.9263959390862944 	 F1 Score: 0.8816425120772946
epoch: 56
	 train loss: 7.885967928582479e-05
	 test loss: 9.157881140708923e-05
	 test accuracy; Trues: 0.9272029919464946 	 False: 0.00094140625 	 Acc: 0.14860203584518586
	 Precision: 0.8598837209302326 	 Recall: 0.9331230283911672 	 F1 Score: 0.8950075642965205
epoch: 57
	 train loss: 7.881007046112387e-05
	 test loss: 9.685999975772575e-05
	 test accuracy; Trues: 0.9072873577526268 	 False: 0.00084765625 	 Acc: 0.16005973802324516
	 Precision: 0.869277108433735 	 Recall: 0.9127134724857685 	 F1 Score: 0.8904659055846961
epoch: 58
	 train loss: 7.81907168153416e-05
	 test loss: 8.608457574155182e-05
	 test accuracy; Trues: 0.8932955683365552 	 False: 0.00063671875 	 Acc: 0.14833084422589526
	 Precision: 0.8978696741854637 	 Recall: 0.9029615626969124 	 F1 Score: 0.9004084197298147
epoch: 59
	 train loss: 7.458790087148198e-05
	 test loss: 8.377603808185086e-05
	 test accuracy; Trues: 0.903636677536182 	 False: 0.00062890625 	 Acc: 0.1356438204350534
	 Precision: 0.8995006242197253 	 Recall: 0.9120253164556962 	 F1 Score: 0.9057196731615336

============================= JOB FEEDBACK =============================

Job ID: 1385000
Cluster: haic
User/Group: kj3268/scc
State: COMPLETED (exit code 0)
Partition: normal
Nodes: 1
Cores per node: 16
Nodelist: haicn1706
CPU Utilized: 05:45:26
CPU Efficiency: 6.04% of 3-23:22:08 core-walltime
Job Wall-clock time: 05:57:38
Starttime: Wed Aug 23 07:49:38 2023
Endtime: Wed Aug 23 13:47:16 2023
Memory Utilized: 2.61 GB
Memory Efficiency: 5.07% of 51.56 GB
Energy Consumed: 14790355 Joule / 4108.43194444444 Watthours
Average node power draw: 689.269969242241 Watt
