cuda
36000
4000
=> loading checkpoint 'checkpoint_petsim_2hidden_mse_count_timing_loss.pth.tar'
=> loaded checkpoint 'checkpoint_petsim_2hidden_mse_count_timing_loss.pth.tar' (epoch 30)
Using: MSE_Count_Timing_Loss, weight = 0.1
epoch: 30
	 train loss: 0.00011422594171146609
	 test loss: 0.0001390761899529025
	 test accuracy; Trues: 0.9217159631122096 	 False: 0.0016484375 	 Acc: 0.14472468397743402
	 Precision: 0.7767195767195767 	 Recall: 0.9291139240506329 	 F1 Score: 0.8461095100864554
epoch: 31
	 train loss: 0.00010827973070965335
	 test loss: 0.00010257506073685363
	 test accuracy; Trues: 0.9025172302324237 	 False: 0.00090625 	 Acc: 0.14231977866777376
	 Precision: 0.8604091456077015 	 Recall: 0.9067850348763475 	 F1 Score: 0.8829885767212103
epoch: 32
	 train loss: 9.689367565108774e-05
	 test loss: 0.00010209280299022794
	 test accuracy; Trues: 0.8984674066813055 	 False: 0.0008984375 	 Acc: 0.14465078630282252
	 Precision: 0.8611949305974653 	 Recall: 0.9037365421152628 	 F1 Score: 0.8819530284301608
epoch: 33
	 train loss: 0.00011031823697441151
	 test loss: 9.832351497607306e-05
	 test accuracy; Trues: 0.9197872273510461 	 False: 0.00100390625 	 Acc: 0.14316709850892062
	 Precision: 0.8509280742459396 	 Recall: 0.9284810126582278 	 F1 Score: 0.8880145278450363
epoch: 34
	 train loss: 0.00011264643404600052
	 test loss: 0.00017611001385375857
	 test accuracy; Trues: 0.8692654494890154 	 False: 0.0016875 	 Acc: 0.14846748189575754
	 Precision: 0.7611940298507462 	 Recall: 0.8726235741444867 	 F1 Score: 0.8131089459698848
epoch: 35
	 train loss: 0.0001185065298682512
	 test loss: 0.00013162699178792536
	 test accuracy; Trues: 0.8540538615043289 	 False: 0.0010625 	 Acc: 0.14535751532877123
	 Precision: 0.8333333333333334 	 Recall: 0.8613046231792274 	 F1 Score: 0.8470881345375273
epoch: 36
	 train loss: 0.00011503434609885863
	 test loss: 0.00010937096521956846
	 test accuracy; Trues: 0.8988152519031647 	 False: 0.00102734375 	 Acc: 0.1488899493312828
	 Precision: 0.8442865600947306 	 Recall: 0.9025316455696203 	 F1 Score: 0.8724380544509024
epoch: 37
	 train loss: 0.0001135324670484938
	 test loss: 0.000117372655950021
	 test accuracy; Trues: 0.9289171071549062 	 False: 0.0013828125 	 Acc: 0.15524530272862716
	 Precision: 0.8065573770491803 	 Recall: 0.935361216730038 	 F1 Score: 0.8661971830985915
epoch: 38
	 train loss: 0.00011367333276930778
	 test loss: 0.0001243812876055017
	 test accuracy; Trues: 0.8525348885962415 	 False: 0.00092578125 	 Acc: 0.15484596596666877
	 Precision: 0.8508495909376966 	 Recall: 0.8567807351077313 	 F1 Score: 0.8538048626460373
epoch: 39
	 train loss: 0.00011042038277408
	 test loss: 0.00013738452980760485
	 test accuracy; Trues: 0.8201187326062147 	 False: 0.00082421875 	 Acc: 0.1450245910620033
	 Precision: 0.8609096901779829 	 Recall: 0.8265822784810126 	 F1 Score: 0.8433968356474008
epoch: 40
	 train loss: 0.00010364565021656188
	 test loss: 0.00012159992184024304
	 test accuracy; Trues: 0.8650617139021836 	 False: 0.00080078125 	 Acc: 0.13821931561799325
	 Precision: 0.8707440100882724 	 Recall: 0.8723941882501579 	 F1 Score: 0.8715683180814138
epoch: 41
	 train loss: 9.872668765013397e-05
	 test loss: 0.00014685247151646763
	 test accuracy; Trues: 0.8390324342608418 	 False: 0.00102734375 	 Acc: 0.14018975825255903
	 Precision: 0.8351097178683385 	 Recall: 0.844106463878327 	 F1 Score: 0.839583989914907
epoch: 42
	 train loss: 0.00010800518455541664
	 test loss: 0.00010988667054334655
	 test accuracy; Trues: 0.8953123393486229 	 False: 0.00103125 	 Acc: 0.15000907317086298
	 Precision: 0.8439716312056738 	 Recall: 0.9032258064516129 	 F1 Score: 0.8725939505041246
epoch: 43
	 train loss: 0.00011117655490815536
	 test loss: 0.0001033663356793113
	 test accuracy; Trues: 0.9037720640304934 	 False: 0.00094140625 	 Acc: 0.14763897349576774
	 Precision: 0.8562909958258795 	 Recall: 0.9094363521215959 	 F1 Score: 0.8820638820638821
epoch: 44
	 train loss: 0.00011141720775220381
	 test loss: 0.0001116162384278141
	 test accuracy; Trues: 0.905292888030998 	 False: 0.00105078125 	 Acc: 0.14609670030764718
	 Precision: 0.842873831775701 	 Recall: 0.9121365360303414 	 F1 Score: 0.8761384335154827
epoch: 45
	 train loss: 0.00010728887097425933
	 test loss: 0.00012737569340970367
	 test accuracy; Trues: 0.8517661343282631 	 False: 0.001 	 Acc: 0.14527685887796882
	 Precision: 0.8411910669975186 	 Recall: 0.857685009487666 	 F1 Score: 0.8493579705606011
epoch: 46
	 train loss: 0.00011036273564599163
	 test loss: 0.0001253493974218145
	 test accuracy; Trues: 0.8736308836559277 	 False: 0.0011015625 	 Acc: 0.1419386583958714
	 Precision: 0.8309352517985612 	 Recall: 0.8783269961977186 	 F1 Score: 0.8539741219963031
epoch: 47
	 train loss: 9.937049992272802e-05
	 test loss: 0.00010707070759963244
	 test accuracy; Trues: 0.8884633051667293 	 False: 0.00091796875 	 Acc: 0.131460485074853
	 Precision: 0.8579201934703748 	 Recall: 0.8958333333333334 	 F1 Score: 0.8764669549104385
epoch: 48
	 train loss: 9.324960781066199e-05
	 test loss: 0.0001141196844400838
	 test accuracy; Trues: 0.8938541289285056 	 False: 0.00105078125 	 Acc: 0.14558859359755047
	 Precision: 0.8413915094339622 	 Recall: 0.9031645569620254 	 F1 Score: 0.8711843711843712
epoch: 49
	 train loss: 9.89967296625704e-05
	 test loss: 0.0001343210315098986
	 test accuracy; Trues: 0.8450854713543727 	 False: 0.0009765625 	 Acc: 0.13417754091868797
	 Precision: 0.8427672955974843 	 Recall: 0.8464939987365762 	 F1 Score: 0.8446265364008825
epoch: 50
	 train loss: 9.744394755077856e-05
	 test loss: 0.00010882101923925802
	 test accuracy; Trues: 0.8873130506048684 	 False: 0.00087890625 	 Acc: 0.13137512897762285
	 Precision: 0.8626373626373627 	 Recall: 0.8926089703095389 	 F1 Score: 0.8773672772430923
epoch: 51
	 train loss: 9.066422969479583e-05
	 test loss: 0.0001063317758962512
	 test accuracy; Trues: 0.8985925155423438 	 False: 0.0009375 	 Acc: 0.13583377073396077
	 Precision: 0.8561151079136691 	 Recall: 0.9026548672566371 	 F1 Score: 0.8787692307692307
epoch: 52
	 train loss: 9.280589952213505e-05
	 test loss: 0.00010329576616641134
	 test accuracy; Trues: 0.8840871362917624 	 False: 0.0008671875 	 Acc: 0.1254566957428634
	 Precision: 0.8638871857755978 	 Recall: 0.8923369221025966 	 F1 Score: 0.8778816199376948
epoch: 53
	 train loss: 9.227890344286827e-05
	 test loss: 0.0001555305061629042
	 test accuracy; Trues: 0.7706584587332533 	 False: 0.000765625 	 Acc: 0.11329245827106835
	 Precision: 0.8618745595489782 	 Recall: 0.7760152284263959 	 F1 Score: 0.81669449081803
epoch: 54
	 train loss: 8.919273849936676e-05
	 test loss: 0.00010305333853466436
	 test accuracy; Trues: 0.937652079291163 	 False: 0.00121875 	 Acc: 0.13211585469359097
	 Precision: 0.8276243093922652 	 Recall: 0.9457070707070707 	 F1 Score: 0.8827342368886271
epoch: 55
	 train loss: 9.380140419178634e-05
	 test loss: 0.00011157369590364397
	 test accuracy; Trues: 0.9005216151554126 	 False: 0.0010625 	 Acc: 0.13552322056840432
	 Precision: 0.840656121851201 	 Recall: 0.9053627760252366 	 F1 Score: 0.8718104495747266
epoch: 56
	 train loss: 9.124997787620101e-05
	 test loss: 0.00011609250213950872
	 test accuracy; Trues: 0.8978352318664864 	 False: 0.00112109375 	 Acc: 0.141407094035648
	 Precision: 0.8326530612244898 	 Recall: 0.9043698543381887 	 F1 Score: 0.8670309653916212
epoch: 57
	 train loss: 9.791900451332501e-05
	 test loss: 0.00011728725075954571
	 test accuracy; Trues: 0.8535293477994117 	 False: 0.0008125 	 Acc: 0.11837070383466128
	 Precision: 0.8676844783715013 	 Recall: 0.8621997471554994 	 F1 Score: 0.8649334178820545
epoch: 58
	 train loss: 8.72530485454506e-05
	 test loss: 9.737382060848176e-05
	 test accuracy; Trues: 0.9296657072133668 	 False: 0.00103125 	 Acc: 0.14540836708026977
	 Precision: 0.8487106017191977 	 Recall: 0.9379354021532615 	 F1 Score: 0.8910950661853189
epoch: 59
	 train loss: 8.86694704771058e-05
	 test loss: 9.206378308590502e-05
	 test accuracy; Trues: 0.9131638167826022 	 False: 0.0008984375 	 Acc: 0.1277553308176842
	 Precision: 0.8637440758293838 	 Recall: 0.9227848101265823 	 F1 Score: 0.8922888616891066

============================= JOB FEEDBACK =============================

Job ID: 1385293
Cluster: haic
User/Group: kj3268/scc
State: COMPLETED (exit code 0)
Partition: normal
Nodes: 1
Cores per node: 16
Nodelist: haicn1702
CPU Utilized: 07:38:29
CPU Efficiency: 6.19% of 5-03:27:44 core-walltime
Job Wall-clock time: 07:42:59
Starttime: Wed Aug 23 19:12:21 2023
Endtime: Thu Aug 24 02:55:20 2023
Memory Utilized: 2.53 GB
Memory Efficiency: 4.90% of 51.56 GB
Energy Consumed: 16362088 Joule / 4545.02444444444 Watthours
Average node power draw: 589.00925159293 Watt
