cuda
36000
4000
=> loading checkpoint 'checkpoint_petsim_2hidden_mse_count_timing_loss_plus_geometry.pth.tar'
=> loaded checkpoint 'checkpoint_petsim_2hidden_mse_count_timing_loss_plus_geometry.pth.tar' (epoch 28)
Using: MSE_Count_Timing_Loss, weight = 0.1
epoch: 28
	 train loss: 0.00016573366247919492
	 test loss: 0.00017279027088079602
	 test accuracy; Trues: 0.8151357909127583 	 False: 0.001421875 	 Acc: 0.0841560106172194
	 Precision: 0.7793939393939394 	 Recall: 0.8170266836086404 	 F1 Score: 0.7977667493796525
epoch: 29
	 train loss: 0.00017370450486477808
	 test loss: 0.00019857908773701638
	 test accuracy; Trues: 0.7718408885048649 	 False: 0.00147265625 	 Acc: 0.08597439531426554
	 Precision: 0.765983860955928 	 Recall: 0.7780580075662042 	 F1 Score: 0.771973725367532
epoch: 30
	 train loss: 0.00017823350279488496
	 test loss: 0.0001663029834162444
	 test accuracy; Trues: 0.7748559403044845 	 False: 0.001 	 Acc: 0.09550962385195304
	 Precision: 0.8273769386378962 	 Recall: 0.7775665399239544 	 F1 Score: 0.8016987912446913
epoch: 31
	 train loss: 0.00017193676449011423
	 test loss: 0.00018957101565320045
	 test accuracy; Trues: 0.7750719599267083 	 False: 0.00140625 	 Acc: 0.1214745584237537
	 Precision: 0.7741530740276035 	 Recall: 0.7820025348542459 	 F1 Score: 0.7780580075662042
epoch: 32
	 train loss: 0.00018100688991964692
	 test loss: 0.00017712378758005798
	 test accuracy; Trues: 0.8311346733106199 	 False: 0.00146875 	 Acc: 0.18717839847374607
	 Precision: 0.7780401416765053 	 Recall: 0.835234474017744 	 F1 Score: 0.8056234718826406
epoch: 33
	 train loss: 0.00043517957819858564
	 test loss: 0.0008237573783844709
	 test accuracy; Trues: 0.0030752567693744163 	 False: 0.000734375 	 Acc: 0.0060197173250308884
	 Precision: 0.025906735751295335 	 Recall: 0.0031705770450221942 	 F1 Score: 0.005649717514124294
epoch: 34
	 train loss: 0.0011270873045755756
	 test loss: 0.000897533493116498
	 test accuracy; Trues: 0.2063488831706495 	 False: 0.00548828125 	 Acc: 0.26050159293254993
	 Precision: 0.18075801749271136 	 Recall: 0.19607843137254902 	 F1 Score: 0.18810679611650485
epoch: 35
	 train loss: 0.0009627179535519746
	 test loss: 0.0008725778898224235
	 test accuracy; Trues: 0.31499506234857416 	 False: 0.00703515625 	 Acc: 0.4038262375243455
	 Precision: 0.2104340201665936 	 Recall: 0.3041825095057034 	 F1 Score: 0.24876911116869654
epoch: 36
	 train loss: 0.0008258462863353391
	 test loss: 0.0006847414770163596
	 test accuracy; Trues: 0.3268945728682631 	 False: 0.0041640625 	 Acc: 0.3796243010418184
	 Precision: 0.31666666666666665 	 Recall: 0.31305449936628643 	 F1 Score: 0.3148502230720204
epoch: 37
	 train loss: 0.00074815230925257
	 test loss: 0.0006129754474386573
	 test accuracy; Trues: 0.28342607075811016 	 False: 0.0024765625 	 Acc: 0.3264862369184737
	 Precision: 0.40357478833490124 	 Recall: 0.27117572692793934 	 F1 Score: 0.3243856332703214
epoch: 38
	 train loss: 0.0006987485936325457
	 test loss: 0.0006607785471715033
	 test accuracy; Trues: 0.4161394885204289 	 False: 0.00494140625 	 Acc: 0.46048517288129015
	 Precision: 0.3349106203995794 	 Recall: 0.4036755386565273 	 F1 Score: 0.36609195402298855
epoch: 39
	 train loss: 0.0006633523874398735
	 test loss: 0.0006498394650407135
	 test accuracy; Trues: 0.48566017269398615 	 False: 0.00558203125 	 Acc: 0.5427795569119741
	 Precision: 0.34629460201280876 	 Recall: 0.47881087919038584 	 F1 Score: 0.40191133528006373
epoch: 40
	 train loss: 0.0006274340061677827
	 test loss: 0.0005984975141473114
	 test accuracy; Trues: 0.4065389108318862 	 False: 0.00394140625 	 Acc: 0.48128314148858936
	 Precision: 0.3783117683302526 	 Recall: 0.38811630847029077 	 F1 Score: 0.38315132605304214
epoch: 41
	 train loss: 0.0006012675805120832
	 test loss: 0.0005390565493144095
	 test accuracy; Trues: 0.42454962225534115 	 False: 0.00326171875 	 Acc: 0.5248226970127963
	 Precision: 0.43808882907133245 	 Recall: 0.41124447252053065 	 F1 Score: 0.42424242424242425
epoch: 42
	 train loss: 0.0005815139411845141
	 test loss: 0.0005883229896426201
	 test accuracy; Trues: 0.5203058706522743 	 False: 0.0049765625 	 Acc: 0.610301339423466
	 Precision: 0.38926174496644295 	 Recall: 0.5116572148708255 	 F1 Score: 0.44214538524367003
epoch: 43
	 train loss: 0.0005703744160321852
	 test loss: 0.0005309865227900445
	 test accuracy; Trues: 0.37330186688815553 	 False: 0.0023125 	 Acc: 0.44315237974211447
	 Precision: 0.4865568083261058 	 Recall: 0.3552881570614313 	 F1 Score: 0.410688140556369
epoch: 44
	 train loss: 0.000548159536310575
	 test loss: 0.000498826673720032
	 test accuracy; Trues: 0.5292735416712092 	 False: 0.003796875 	 Acc: 0.6287275233933745
	 Precision: 0.4590984974958264 	 Recall: 0.5228136882129277 	 F1 Score: 0.4888888888888889
epoch: 45
	 train loss: 0.0005132449596421794
	 test loss: 0.0005523055442608893
	 test accuracy; Trues: 0.5669608087746716 	 False: 0.00491015625 	 Acc: 0.6102175709474535
	 Precision: 0.41151685393258425 	 Recall: 0.5566814439518682 	 F1 Score: 0.4732166890982503
epoch: 46
	 train loss: 0.0005019513696639074
	 test loss: 0.00047882713261060417
	 test accuracy; Trues: 0.5777037497627411 	 False: 0.0038125 	 Acc: 0.6178202105071043
	 Precision: 0.4800213106020245 	 Recall: 0.5717005076142132 	 F1 Score: 0.5218650448885027
epoch: 47
	 train loss: 0.00048077264410029683
	 test loss: 0.00043453258695080876
	 test accuracy; Trues: 0.5681527689609238 	 False: 0.00310546875 	 Acc: 0.5654559639273063
	 Precision: 0.5248057381948595 	 Recall: 0.5571065989847716 	 F1 Score: 0.5404739919975377
epoch: 48
	 train loss: 0.0004618873823848036
	 test loss: 0.0004458110488485545
	 test accuracy; Trues: 0.5580288625985556 	 False: 0.00323828125 	 Acc: 0.5578547279935704
	 Precision: 0.5134976525821596 	 Recall: 0.5530973451327433 	 F1 Score: 0.5325623858794888
epoch: 49
	 train loss: 0.0004483682924441786
	 test loss: 0.0004138018121011555
	 test accuracy; Trues: 0.6019728119404346 	 False: 0.00310546875 	 Acc: 0.5764765606101683
	 Precision: 0.542314335060449 	 Recall: 0.5950726468730259 	 F1 Score: 0.5674698795180723
epoch: 50
	 train loss: 0.00043888876413823003
	 test loss: 0.0004492548177950084
	 test accuracy; Trues: 0.5588998564031713 	 False: 0.00333203125 	 Acc: 0.5378790791094014
	 Precision: 0.5063657407407407 	 Recall: 0.5555555555555556 	 F1 Score: 0.529821374508023
epoch: 51
	 train loss: 0.00043801171645625595
	 test loss: 0.0004019742482341826
	 test accuracy; Trues: 0.5780467277956878 	 False: 0.0027578125 	 Acc: 0.5250614366506686
	 Precision: 0.5573667711598747 	 Recall: 0.5640862944162437 	 F1 Score: 0.5607064017660044
epoch: 52
	 train loss: 0.0004226571546298348
	 test loss: 0.00045197748113423586
	 test accuracy; Trues: 0.6673797805437429 	 False: 0.0043203125 	 Acc: 0.5340878589778759
	 Precision: 0.4872508113120074 	 Recall: 0.6639292482627922 	 F1 Score: 0.5620320855614973
epoch: 53
	 train loss: 0.0004042804610993092
	 test loss: 0.00036447812453843653
	 test accuracy; Trues: 0.6460426120717541 	 False: 0.002640625 	 Acc: 0.5153386292959617
	 Precision: 0.598813056379822 	 Recall: 0.6390120329322356 	 F1 Score: 0.6182598039215685
epoch: 54
	 train loss: 0.00038997503181195095
	 test loss: 0.00035466047120280564
	 test accuracy; Trues: 0.5934737150304816 	 False: 0.00216796875 	 Acc: 0.4748939897900543
	 Precision: 0.626514131897712 	 Recall: 0.5903614457831325 	 F1 Score: 0.6079007508978126
epoch: 55
	 train loss: 0.0003824223708620088
	 test loss: 0.000373902905266732
	 test accuracy; Trues: 0.6807867352492314 	 False: 0.00315625 	 Acc: 0.4739208079765518
	 Precision: 0.5702127659574469 	 Recall: 0.677195198989261 	 F1 Score: 0.6191163730869189
epoch: 56
slurmstepd: error: *** JOB 1385294 ON haicn1706 CANCELLED AT 2023-08-24T03:12:41 DUE TO TIME LIMIT ***

============================= JOB FEEDBACK =============================

Job ID: 1385294
Cluster: haic
User/Group: kj3268/scc
State: TIMEOUT (exit code 0)
Partition: normal
Nodes: 1
Cores per node: 16
Nodelist: haicn1706
CPU Utilized: 00:00:00
CPU Efficiency: 0.00% of 5-08:04:48 core-walltime
Job Wall-clock time: 08:00:18
Starttime: Wed Aug 23 19:12:23 2023
Endtime: Thu Aug 24 03:12:41 2023
Memory Utilized: 2.63 GB
Memory Efficiency: 5.10% of 51.56 GB
Energy Consumed: 17790169 Joule / 4941.71361111111 Watthours
Average node power draw: 617.328371156916 Watt
