cuda
36000
4000
Using: MSE_Count_Chamfer_Loss (ugly implementation), weight = 0.1
epoch: 0
	 train loss: 0.47220758583438066
	 test loss: 0.16328635811805725
	 test accuracy; Trues: 0.24225798690011238 	 False: 0.007609375 	 Acc: 0.12244962284717166
	 Precision: 0.1552471812662619 	 Recall: 0.2273015873015873 	 F1 Score: 0.18448853388301983
epoch: 1
	 train loss: 0.13754682309159802
	 test loss: 0.1457601934671402
	 test accuracy; Trues: 0.5787244210095065 	 False: 0.00636328125 	 Acc: 0.1536103905298995
	 Precision: 0.35840882237101224 	 Recall: 0.5759493670886076 	 F1 Score: 0.44185481913085706
epoch: 2
	 train loss: 0.08534111425735884
	 test loss: 0.08263101428747177
	 test accuracy; Trues: 0.5077722018409869 	 False: 0.00302734375 	 Acc: 0.13346282363422976
	 Precision: 0.5047923322683706 	 Recall: 0.4993678887484197 	 F1 Score: 0.502065459167461
epoch: 3
	 train loss: 0.06217815985075301
	 test loss: 0.059099651873111725
	 test accuracy; Trues: 0.6559755099858544 	 False: 0.00273828125 	 Acc: 0.14349737200966647
	 Precision: 0.5914918414918415 	 Recall: 0.6440355329949239 	 F1 Score: 0.6166464155528555
epoch: 4
	 train loss: 0.05829133969090051
	 test loss: 0.05435631051659584
	 test accuracy; Trues: 0.742617005829495 	 False: 0.00227734375 	 Acc: 0.13947711744668856
	 Precision: 0.66875 	 Recall: 0.7430555555555556 	 F1 Score: 0.7039473684210527
epoch: 5
	 train loss: 0.04788338121813204
	 test loss: 0.04980745166540146
	 test accuracy; Trues: 0.836183940800806 	 False: 0.0018046875 	 Acc: 0.14766033227601102
	 Precision: 0.7411764705882353 	 Recall: 0.8384030418250951 	 F1 Score: 0.7867975022301518
epoch: 6
	 train loss: 0.041613374781691366
	 test loss: 0.055696479976177216
	 test accuracy; Trues: 0.8157443360779263 	 False: 0.00148828125 	 Acc: 0.1429140280741245
	 Precision: 0.7737529691211401 	 Recall: 0.8231206569804169 	 F1 Score: 0.7976737067646158
epoch: 7
	 train loss: 0.03700765736152729
	 test loss: 0.0336548276245594
	 test accuracy; Trues: 0.8547114363347639 	 False: 0.00127734375 	 Acc: 0.1433225072885839
	 Precision: 0.806049822064057 	 Recall: 0.8579545454545454 	 F1 Score: 0.8311926605504586
epoch: 8
	 train loss: 0.03592746906272239
	 test loss: 0.05069015920162201
	 test accuracy; Trues: 0.892600132563728 	 False: 0.00129296875 	 Acc: 0.1424762683064516
	 Precision: 0.8116107000569152 	 Recall: 0.8996845425867508 	 F1 Score: 0.8533812088569719
epoch: 9
	 train loss: 0.036283110683163006
	 test loss: 0.04789610579609871
	 test accuracy; Trues: 0.8735140544929559 	 False: 0.00118359375 	 Acc: 0.14053802226149842
	 Precision: 0.820816085156712 	 Recall: 0.8784810126582279 	 F1 Score: 0.8486701314582697
epoch: 10
	 train loss: 0.03090185204644998
	 test loss: 0.015938177704811096
	 test accuracy; Trues: 0.8904200243288651 	 False: 0.00108203125 	 Acc: 0.14318331300173417
	 Precision: 0.8359976317347543 	 Recall: 0.8959390862944162 	 F1 Score: 0.8649310872894334
epoch: 11
slurmstepd: error: *** JOB 1384957 ON haicn1708 CANCELLED AT 2023-08-23T00:33:40 DUE TO TIME LIMIT ***

============================= JOB FEEDBACK =============================

Job ID: 1384957
Cluster: haic
User/Group: kj3268/scc
State: TIMEOUT (exit code 0)
Partition: normal
Nodes: 1
Cores per node: 16
Nodelist: haicn1708
CPU Utilized: 00:00:00
CPU Efficiency: 0.00% of 5-08:06:24 core-walltime
Job Wall-clock time: 08:00:24
Starttime: Tue Aug 22 16:33:16 2023
Endtime: Wed Aug 23 00:33:40 2023
Memory Utilized: 2.54 GB
Memory Efficiency: 4.92% of 51.56 GB
Energy Consumed: 19157275 Joule / 5321.46527777778 Watthours
Average node power draw: 664.62930197058 Watt
