cuda
36000
4000
Using: MSE_Count_Timing_Loss, weight = 0.1
epoch: 0
	 train loss: 0.007382713659769959
	 test loss: 0.0009014798561111093
	 test accuracy; Trues: 0.34176614516653386 	 False: 0.0077890625 	 Acc: 0.14109203519470606
	 Precision: 0.20494417862838915 	 Recall: 0.32655654383735705 	 F1 Score: 0.2518373346398824
epoch: 1
	 train loss: 0.000687124961366256
	 test loss: 0.0005361770163290203
	 test accuracy; Trues: 0.5492938892995812 	 False: 0.0041171875 	 Acc: 0.14369131423844395
	 Precision: 0.448744769874477 	 Recall: 0.5409836065573771 	 F1 Score: 0.4905660377358491
epoch: 2
	 train loss: 0.00045971933754885365
	 test loss: 0.00039708876283839345
	 test accuracy; Trues: 0.6948910311589385 	 False: 0.00322265625 	 Acc: 0.13373046181399265
	 Precision: 0.5703125 	 Recall: 0.6939163498098859 	 F1 Score: 0.6260720411663808
epoch: 3
	 train loss: 0.0003364700146097069
	 test loss: 0.00029434842872433364
	 test accuracy; Trues: 0.7694573769160185 	 False: 0.0024375 	 Acc: 0.14331834074676764
	 Precision: 0.6616052060737527 	 Recall: 0.7731305449936628 	 F1 Score: 0.7130333138515488
epoch: 4
	 train loss: 0.00027659773307904187
	 test loss: 0.00024232575378846377
	 test accuracy; Trues: 0.8021887179619296 	 False: 0.0019609375 	 Acc: 0.13694166368864016
	 Precision: 0.7159026598754952 	 Recall: 0.8016476552598225 	 F1 Score: 0.7563527653213751
epoch: 5
	 train loss: 0.00024136793428462827
	 test loss: 0.00023154157679527998
	 test accuracy; Trues: 0.7847436986702384 	 False: 0.00178515625 	 Acc: 0.13066544191885404
	 Precision: 0.7307012374779022 	 Recall: 0.7863031071655041 	 F1 Score: 0.7574832009773976
epoch: 6
	 train loss: 0.00021313981886487453
	 test loss: 0.00020780423074029386
	 test accuracy; Trues: 0.7999866473963608 	 False: 0.00159375 	 Acc: 0.13319433013023532
	 Precision: 0.7568533969010727 	 Recall: 0.8032890575585073 	 F1 Score: 0.779380177968702
epoch: 7
	 train loss: 0.0001975029367668968
	 test loss: 0.00018656326574273407
	 test accuracy; Trues: 0.8269432700449744 	 False: 0.00154296875 	 Acc: 0.14087448722798504
	 Precision: 0.7680563711098062 	 Recall: 0.8288973384030418 	 F1 Score: 0.7973178908869246
epoch: 8
	 train loss: 0.00017635714263370674
	 test loss: 0.00015953980619087815
	 test accuracy; Trues: 0.8607835188025832 	 False: 0.0013359375 	 Acc: 0.13637223063762013
	 Precision: 0.7995310668229777 	 Recall: 0.8643852978453739 	 F1 Score: 0.830694275274056
epoch: 9
	 train loss: 0.00016390473717345027
	 test loss: 0.00015156528388615698
	 test accuracy; Trues: 0.8387062436302307 	 False: 0.0011015625 	 Acc: 0.13966845032789416
	 Precision: 0.8254950495049505 	 Recall: 0.843236409608091 	 F1 Score: 0.8342714196372732
epoch: 10
	 train loss: 0.0001518156110056831
	 test loss: 0.00013578783546108752
	 test accuracy; Trues: 0.8623638804542713 	 False: 0.0010546875 	 Acc: 0.13603168843161498
	 Precision: 0.8348623853211009 	 Recall: 0.8650190114068441 	 F1 Score: 0.8496732026143791
epoch: 11
	 train loss: 0.0001389011107579184
	 test loss: 0.00012781844998244196
	 test accuracy; Trues: 0.8757985258286278 	 False: 0.00109375 	 Acc: 0.1464818312365195
	 Precision: 0.8325358851674641 	 Recall: 0.8804554079696395 	 F1 Score: 0.8558253919458961
epoch: 12
	 train loss: 0.0001270921396337346
	 test loss: 0.0001175588695332408
	 test accuracy; Trues: 0.8899983974895432 	 False: 0.001078125 	 Acc: 0.14276468612910337
	 Precision: 0.8371681415929203 	 Recall: 0.8969658659924147 	 F1 Score: 0.8660360085444003
epoch: 13
	 train loss: 0.00011389042274444547
	 test loss: 0.00010803366603795439
	 test accuracy; Trues: 0.8890270129353008 	 False: 0.00087890625 	 Acc: 0.13824187505356086
	 Precision: 0.8623853211009175 	 Recall: 0.8907138344914719 	 F1 Score: 0.8763206960845246
epoch: 14
	 train loss: 0.00010516482497960035
	 test loss: 0.00011780360364355147
	 test accuracy; Trues: 0.8619553745343019 	 False: 0.00091015625 	 Acc: 0.13968445174915398
	 Precision: 0.8553693358162632 	 Recall: 0.8683049779458097 	 F1 Score: 0.8617886178861789
epoch: 15
	 train loss: 0.00010052503510720751
	 test loss: 0.00011331078712828457
	 test accuracy; Trues: 0.8913806058391589 	 False: 0.001015625 	 Acc: 0.1454963531534887
	 Precision: 0.8446833930704899 	 Recall: 0.8955034832172261 	 F1 Score: 0.8693513679680296
epoch: 16
	 train loss: 9.938126971955401e-05
	 test loss: 0.000108567692223005
	 test accuracy; Trues: 0.8710964732673369 	 False: 0.00081640625 	 Acc: 0.1432381002809985
	 Precision: 0.8687185929648241 	 Recall: 0.876425855513308 	 F1 Score: 0.8725552050473185
epoch: 17
	 train loss: 9.905703298318337e-05
	 test loss: 0.00010632688645273447
	 test accuracy; Trues: 0.9035599616216011 	 False: 0.000984375 	 Acc: 0.14762051449880167
	 Precision: 0.8504451038575668 	 Recall: 0.9075364154528183 	 F1 Score: 0.8780637254901962
epoch: 18
	 train loss: 0.00010622430466255947
	 test loss: 0.00012733490439131856
	 test accuracy; Trues: 0.8307974144587198 	 False: 0.0007890625 	 Acc: 0.14201636450208138
	 Precision: 0.8668424522083059 	 Recall: 0.8343908629441624 	 F1 Score: 0.850307145166505
epoch: 19
	 train loss: 0.000103607157639628
	 test loss: 0.00010605515126371756
	 test accuracy; Trues: 0.8956193310034154 	 False: 0.0009609375 	 Acc: 0.14258669928381287
	 Precision: 0.8522522522522522 	 Recall: 0.9003807106598984 	 F1 Score: 0.8756556618327676
epoch: 20
	 train loss: 0.00010355515023890799
	 test loss: 0.00010706606553867459
	 test accuracy; Trues: 0.913911345657709 	 False: 0.001171875 	 Acc: 0.14264745073697363
	 Precision: 0.8295454545454546 	 Recall: 0.922882427307206 	 F1 Score: 0.8737283064033513
epoch: 21
	 train loss: 0.00010567035639365467
	 test loss: 0.00012510144733823836
	 test accuracy; Trues: 0.8676476235397304 	 False: 0.00105859375 	 Acc: 0.15391434540234922
	 Precision: 0.8355582524271845 	 Recall: 0.8698673404927353 	 F1 Score: 0.8523676880222841
epoch: 22
	 train loss: 0.00011049915399514513
	 test loss: 0.0001248033659067005
	 test accuracy; Trues: 0.8660776295844597 	 False: 0.0010390625 	 Acc: 0.1403155459669491
	 Precision: 0.8375076359193647 	 Recall: 0.8704761904761905 	 F1 Score: 0.8536737235367373
epoch: 23
	 train loss: 0.00011567514199788716
	 test loss: 0.00011832702875835821
	 test accuracy; Trues: 0.8892094777493064 	 False: 0.00113671875 	 Acc: 0.14506709870393575
	 Precision: 0.8291250733998825 	 Recall: 0.8959390862944162 	 F1 Score: 0.8612381823726745
epoch: 24
	 train loss: 0.00011637176328738421
	 test loss: 0.0001435827143723145
	 test accuracy; Trues: 0.9283713656845057 	 False: 0.00179296875 	 Acc: 0.150161626051681
	 Precision: 0.76340206185567 	 Recall: 0.9355653821857233 	 F1 Score: 0.8407607152994606
epoch: 25
	 train loss: 0.00012720026412094558
	 test loss: 0.00014256271242629737
	 test accuracy; Trues: 0.8183240895187642 	 False: 0.00092578125 	 Acc: 0.1405628730589265
	 Precision: 0.8459037711313394 	 Recall: 0.8239392020265991 	 F1 Score: 0.8347770291947386
epoch: 26
	 train loss: 0.00012334227220438582
	 test loss: 0.00012184186198282987
	 test accuracy; Trues: 0.8577962878993263 	 False: 0.00097265625 	 Acc: 0.14718231173488236
	 Precision: 0.845724907063197 	 Recall: 0.865567533291059 	 F1 Score: 0.855531181447822
epoch: 27
	 train loss: 0.0001196421492285514
	 test loss: 0.0001178513775812462
	 test accuracy; Trues: 0.8833539122236893 	 False: 0.001078125 	 Acc: 0.1550367839053884
	 Precision: 0.8362989323843416 	 Recall: 0.8907138344914719 	 F1 Score: 0.8626491281737535
epoch: 28
	 train loss: 0.0001225359213549745
	 test loss: 0.00011935509974136949
	 test accuracy; Trues: 0.9327341472590263 	 False: 0.0014609375 	 Acc: 0.16214760194964184
	 Precision: 0.7995712754555199 	 Recall: 0.9425142135186355 	 F1 Score: 0.8651783125543637
epoch: 29
	 train loss: 0.00012100472936431178
	 test loss: 0.00013808162475470454
	 test accuracy; Trues: 0.8795200111571657 	 False: 0.001328125 	 Acc: 0.14901335708025729
	 Precision: 0.805045871559633 	 Recall: 0.8874841972187105 	 F1 Score: 0.8442573662056524

============================= JOB FEEDBACK =============================

Job ID: 1384624
Cluster: haic
User/Group: kj3268/scc
State: COMPLETED (exit code 0)
Partition: normal
Nodes: 1
Cores per node: 16
Nodelist: haicn1708
CPU Utilized: 06:54:13
CPU Efficiency: 6.10% of 4-17:14:40 core-walltime
Job Wall-clock time: 07:04:40
Starttime: Fri Aug 18 15:55:45 2023
Endtime: Fri Aug 18 23:00:25 2023
Memory Utilized: 2.62 GB
Memory Efficiency: 5.07% of 51.56 GB
Energy Consumed: 17599499 Joule / 4888.74972222222 Watthours
Average node power draw: 690.7181711146 Watt
