cuda
36000
4000
=> loading checkpoint 'checkpoint_petsim_2hidden_mse_count_loss.pth.tar'
=> loaded checkpoint 'checkpoint_petsim_2hidden_mse_count_loss.pth.tar' (epoch 30)
Using: MSE_Count_Loss
epoch: 30
	 train loss: 1.342592728113977e-08
	 test loss: 1.2451171649274784e-08
	 test accuracy; Trues: 0.8682081080485906 	 False: 0.0017265625 	 Acc: 0.13431889214868387
	 Precision: 0.7570093457943925 	 Recall: 0.8715189873417721 	 F1 Score: 0.8102383053839364
epoch: 31
	 train loss: 1.397207896047803e-08
	 test loss: 1.4371745571395422e-08
	 test accuracy; Trues: 0.8005603943139967 	 False: 0.00168359375 	 Acc: 0.12531366027151702
	 Precision: 0.7455726092089728 	 Recall: 0.8008877615726062 	 F1 Score: 0.7722409049220423
epoch: 32
	 train loss: 1.4292174476793207e-08
	 test loss: 1.4176436913260204e-08
	 test accuracy; Trues: 0.789698001381552 	 False: 0.00157421875 	 Acc: 0.12415578806488069
	 Precision: 0.7560532687651331 	 Recall: 0.7910069664344522 	 F1 Score: 0.7731352522438873
epoch: 33
	 train loss: 1.521990896651775e-08
	 test loss: 1.3834635659293326e-08
	 test accuracy; Trues: 0.8181305783118223 	 False: 0.0017109375 	 Acc: 0.12864782598911706
	 Precision: 0.7481311098332375 	 Recall: 0.8234177215189873 	 F1 Score: 0.7839710756251883
epoch: 34
	 train loss: 1.518916526855997e-08
	 test loss: 1.5966801214517545e-08
	 test accuracy; Trues: 0.7549637976479916 	 False: 0.001671875 	 Acc: 0.1375721683802733
	 Precision: 0.7359654534238125 	 Recall: 0.756020278833967 	 F1 Score: 0.7458580806502033
epoch: 35
	 train loss: 1.4237920979888309e-08
	 test loss: 1.577148722731181e-08
	 test accuracy; Trues: 0.8004570454108544 	 False: 0.00192578125 	 Acc: 0.12882136346796424
	 Precision: 0.7209960384833051 	 Recall: 0.8068397720075997 	 F1 Score: 0.7615062761506277
epoch: 36
	 train loss: 1.3897932544656063e-08
	 test loss: 1.4713542384470202e-08
	 test accuracy; Trues: 0.7838496113937092 	 False: 0.00155078125 	 Acc: 0.11416729878957338
	 Precision: 0.756591048436542 	 Recall: 0.7810126582278482 	 F1 Score: 0.7686079103083151
epoch: 37
	 train loss: 1.4843751485453065e-08
	 test loss: 2.0426435654030684e-08
	 test accuracy; Trues: 0.6358771797545605 	 False: 0.0016015625 	 Acc: 0.11594698591653675
	 Precision: 0.7088068181818182 	 Recall: 0.632446134347275 	 F1 Score: 0.6684527796383122
epoch: 38
	 train loss: 1.5523728438419462e-08
	 test loss: 2.086589034888675e-08
	 test accuracy; Trues: 0.8471633569902423 	 False: 0.00325390625 	 Acc: 0.14575844662840345
	 Precision: 0.6178899082568807 	 Recall: 0.8536121673003803 	 F1 Score: 0.7168706758914316
epoch: 39
	 train loss: 1.6098815294185443e-08
	 test loss: 1.6276041847618217e-08
	 test accuracy; Trues: 0.8294080644706074 	 False: 0.0023203125 	 Acc: 0.12395459952869319
	 Precision: 0.6894929430214323 	 Recall: 0.8348101265822785 	 F1 Score: 0.7552247351846549
epoch: 40
	 train loss: 1.4767796609681405e-08
	 test loss: 1.5169273837045694e-08
	 test accuracy; Trues: 0.7011164728029287 	 False: 0.001125 	 Acc: 0.10417070302267228
	 Precision: 0.795017793594306 	 Recall: 0.7056222362602653 	 F1 Score: 0.7476572958500669
epoch: 41
	 train loss: 1.342050192852816e-08
	 test loss: 1.4322917962772408e-08
	 test accuracy; Trues: 0.824899084618922 	 False: 0.00192578125 	 Acc: 0.11638391322639641
	 Precision: 0.7258064516129032 	 Recall: 0.8269961977186312 	 F1 Score: 0.7731042654028436
epoch: 42
	 train loss: 1.4176433717396877e-08
	 test loss: 1.3899740913814185e-08
	 test accuracy; Trues: 0.7489355184248347 	 False: 0.00129296875 	 Acc: 0.1162572083420928
	 Precision: 0.7822368421052631 	 Recall: 0.7520556609740671 	 F1 Score: 0.7668494034182523
epoch: 43
	 train loss: 1.3091364161018266e-08
	 test loss: 1.51204471166011e-08
	 test accuracy; Trues: 0.8410249877986399 	 False: 0.002265625 	 Acc: 0.1281538762381366
	 Precision: 0.6974439227960355 	 Recall: 0.8467384420519316 	 F1 Score: 0.7648741418764302
epoch: 44
	 train loss: 1.3872614231284312e-08
	 test loss: 1.2630211543296355e-08
	 test accuracy; Trues: 0.8476369789232386 	 False: 0.00170703125 	 Acc: 0.12231623336956789
	 Precision: 0.7554560716284275 	 Recall: 0.8533501896333755 	 F1 Score: 0.8014247551202137
epoch: 45
	 train loss: 1.5024596405529184e-08
	 test loss: 1.601562438224846e-08
	 test accuracy; Trues: 0.7175001107913104 	 False: 0.0014453125 	 Acc: 0.10509395989830195
	 Precision: 0.7534976682211859 	 Recall: 0.715370018975332 	 F1 Score: 0.7339390006489294
epoch: 46
	 train loss: 1.667751905879792e-08
	 test loss: 1.5104170358881674e-08
	 test accuracy; Trues: 0.7616879356834008 	 False: 0.00167578125 	 Acc: 0.1015065797266511
	 Precision: 0.7380952380952381 	 Recall: 0.7661596958174905 	 F1 Score: 0.7518656716417912
epoch: 47
	 train loss: 1.6272426406831958e-08
	 test loss: 1.4046226404218487e-08
	 test accuracy; Trues: 0.8199481045530032 	 False: 0.00184375 	 Acc: 0.0933687254377247
	 Precision: 0.734533183352081 	 Recall: 0.8244949494949495 	 F1 Score: 0.776918500892326
epoch: 48
	 train loss: 1.712782295055288e-08
	 test loss: 1.814779260200794e-08
	 test accuracy; Trues: 0.7268868807681639 	 False: 0.00222265625 	 Acc: 0.08571176601369682
	 Precision: 0.6689936009307738 	 Recall: 0.7278481012658228 	 F1 Score: 0.6971809639284632
epoch: 49
	 train loss: 1.9024886231733262e-08
	 test loss: 1.9384764016194822e-08
	 test accuracy; Trues: 0.6641450263904242 	 False: 0.00193359375 	 Acc: 0.06952341264704913
	 Precision: 0.6766819072501633 	 Recall: 0.6544535691724573 	 F1 Score: 0.6653821451509313
epoch: 50
	 train loss: 2.088035517052352e-08
	 test loss: 2.2770191066001644e-08
	 test accuracy; Trues: 0.7384272086119793 	 False: 0.00321875 	 Acc: 0.05527914865713695
	 Precision: 0.5863453815261044 	 Recall: 0.7378395451674037 	 F1 Score: 0.6534265734265734
epoch: 51
	 train loss: 2.4280239754956608e-08
	 test loss: 2.281901423373256e-08
	 test accuracy; Trues: 0.5490673338362033 	 False: 0.00166015625 	 Acc: 0.047334100466462886
	 Precision: 0.6674491392801252 	 Recall: 0.5391908975979772 	 F1 Score: 0.5965034965034964
epoch: 52
	 train loss: 2.603081862181019e-08
	 test loss: 3.154297445462362e-08
	 test accuracy; Trues: 0.6068147417059978 	 False: 0.00412109375 	 Acc: 0.07771398902871979
	 Precision: 0.4725 	 Recall: 0.5984800506649778 	 F1 Score: 0.5280804694048616
epoch: 53
	 train loss: 2.589156810017812e-08
	 test loss: 3.1640635000940165e-08
	 test accuracy; Trues: 0.49373264800746286 	 False: 0.00258984375 	 Acc: 0.13923271937529413
	 Precision: 0.5344101123595506 	 Recall: 0.48286802030456855 	 F1 Score: 0.5073333333333333
epoch: 54
	 train loss: 4.1158496664984844e-08
	 test loss: 7.088217301998156e-08
	 test accuracy; Trues: 0.030737313005529295 	 False: 0.005 	 Acc: 0.11648380118661832
	 Precision: 0.03177004538577912 	 Recall: 0.026515151515151516 	 F1 Score: 0.028905712319339298
epoch: 55
	 train loss: 8.609846059925986e-08
	 test loss: 8.509115190236116e-08
	 test accuracy; Trues: 0.10522049973261043 	 False: 0.00973828125 	 Acc: 0.25499496255873366
	 Precision: 0.053171287504747436 	 Recall: 0.08832807570977919 	 F1 Score: 0.06638217164532954
epoch: 56
	 train loss: 7.953198148571675e-08
	 test loss: 7.915040356465397e-08
	 test accuracy; Trues: 0.17638825212899 	 False: 0.00973828125 	 Acc: 0.25795736206195596
	 Precision: 0.08814923189465984 	 Recall: 0.1526282457251425 	 F1 Score: 0.11175515882216555
epoch: 57
	 train loss: 6.97826315053539e-08
	 test loss: 5.621745202688544e-08
	 test accuracy; Trues: 0.20630323054298083 	 False: 0.00522265625 	 Acc: 0.18158749504731256
	 Precision: 0.1812614819350888 	 Recall: 0.18710493046776233 	 F1 Score: 0.18413685847589423
epoch: 58
	 train loss: 6.167897046477973e-08
	 test loss: 5.584311324469127e-08
	 test accuracy; Trues: 0.25735478148101265 	 False: 0.0056953125 	 Acc: 0.20677382293752183
	 Precision: 0.20544959128065396 	 Recall: 0.23875870804306523 	 F1 Score: 0.22085530169888695
epoch: 59
	 train loss: 5.632234368451666e-08
	 test loss: 5.9928389362085e-08
	 test accuracy; Trues: 0.35697067942452165 	 False: 0.0074453125 	 Acc: 0.24522639929309478
	 Precision: 0.2226753670473083 	 Recall: 0.34556962025316457 	 F1 Score: 0.2708333333333333

============================= JOB FEEDBACK =============================

Job ID: 1385295
Cluster: haic
User/Group: kj3268/scc
State: COMPLETED (exit code 0)
Partition: normal
Nodes: 1
Cores per node: 16
Nodelist: haicn1706
CPU Utilized: 07:45:59
CPU Efficiency: 6.11% of 5-07:12:48 core-walltime
Job Wall-clock time: 07:57:03
Starttime: Wed Aug 23 19:12:23 2023
Endtime: Thu Aug 24 03:09:26 2023
Memory Utilized: 2.53 GB
Memory Efficiency: 4.91% of 51.56 GB
Energy Consumed: 17679656 Joule / 4911.01555555556 Watthours
Average node power draw: 617.673060126472 Watt
