cuda
36000
4000
Using: MSE_Count_Timing_Loss, weight = 0.1
epoch: 0
	 train loss: 0.011218180170334461
	 test loss: 0.0008964358712546527
	 test accuracy; Trues: 0.20537635582043268 	 False: 0.005859375 	 Acc: 0.11395306682985892
epoch: 1
	 train loss: 0.0007781426470933689
	 test loss: 0.0005966194439679384
	 test accuracy; Trues: 0.47125620848015587 	 False: 0.00440625 	 Acc: 0.12378967019246882
epoch: 2
	 train loss: 0.0005404969305834837
	 test loss: 0.0004401617625262588
	 test accuracy; Trues: 0.5713660298368171 	 False: 0.0031171875 	 Acc: 0.14797769294848656
epoch: 3
	 train loss: 0.0003916724793250776
	 test loss: 0.0003590986889321357
	 test accuracy; Trues: 0.7336186689906617 	 False: 0.0033046875 	 Acc: 0.14137678952029842
epoch: 4
	 train loss: 0.00031273812726916126
	 test loss: 0.00027907913317903876
	 test accuracy; Trues: 0.7256216377552261 	 False: 0.00203125 	 Acc: 0.1355325504995236
epoch: 5
	 train loss: 0.00025400649862260456
	 test loss: 0.0002345822867937386
	 test accuracy; Trues: 0.7929708972609208 	 False: 0.0019765625 	 Acc: 0.1441590873781454
epoch: 6
	 train loss: 0.0002136678589740768
	 test loss: 0.00018706254195421934
	 test accuracy; Trues: 0.8785706341105883 	 False: 0.0019375 	 Acc: 0.14431778803159834
epoch: 7
	 train loss: 0.0001827724974654201
	 test loss: 0.000194332969840616
	 test accuracy; Trues: 0.7719177589218192 	 False: 0.0013359375 	 Acc: 0.14110211784424687
epoch: 8
	 train loss: 0.00017491304969169302
	 test loss: 0.00014833170280326158
	 test accuracy; Trues: 0.8733843651243484 	 False: 0.00131640625 	 Acc: 0.15075423261725462
epoch: 9
	 train loss: 0.00014913251413823205
	 test loss: 0.00013710709754377604
	 test accuracy; Trues: 0.8826994807728967 	 False: 0.00124609375 	 Acc: 0.15362869939469165
epoch: 10
	 train loss: 0.0001390648235111437
	 test loss: 0.00013057648902758956
	 test accuracy; Trues: 0.8774668296321803 	 False: 0.0011171875 	 Acc: 0.14439558228992644
epoch: 11
	 train loss: 0.00013376073365280818
	 test loss: 0.00015058448479976505
	 test accuracy; Trues: 0.8553558985526034 	 False: 0.0012890625 	 Acc: 0.14629454087768295
epoch: 12
	 train loss: 0.00013520029723042783
	 test loss: 0.00015230693679768592
	 test accuracy; Trues: 0.837451246405138 	 False: 0.0012109375 	 Acc: 0.13889815546315512
epoch: 13
	 train loss: 0.00012672575618608148
	 test loss: 0.00011130489292554557
	 test accuracy; Trues: 0.8909692358005423 	 False: 0.000921875 	 Acc: 0.14286877793350672
epoch: 14
	 train loss: 0.00010483548288473482
	 test loss: 9.906245395541191e-05
	 test accuracy; Trues: 0.8952650180158211 	 False: 0.0008203125 	 Acc: 0.14635753695328296
epoch: 15
	 train loss: 9.460576302669447e-05
	 test loss: 9.48121742112562e-05
	 test accuracy; Trues: 0.9202352963028738 	 False: 0.00087890625 	 Acc: 0.14692069977393138
epoch: 16
	 train loss: 8.932736425964825e-05
	 test loss: 9.684600809123367e-05
	 test accuracy; Trues: 0.8943032480102606 	 False: 0.00071875 	 Acc: 0.15002484918888098
epoch: 17
	 train loss: 8.499695853746737e-05
	 test loss: 8.555197564419359e-05
	 test accuracy; Trues: 0.9209951068502403 	 False: 0.0008125 	 Acc: 0.14238091645100182
epoch: 18
	 train loss: 8.16083028462297e-05
	 test loss: 9.405364835401997e-05
	 test accuracy; Trues: 0.8731096430969755 	 False: 0.00058203125 	 Acc: 0.1398373166027202
epoch: 19
	 train loss: 8.013504140779147e-05
	 test loss: 9.830998169491068e-05
	 test accuracy; Trues: 0.8776212152779335 	 False: 0.000640625 	 Acc: 0.14396007009396142
epoch: 20
	 train loss: 8.007738254300121e-05
	 test loss: 8.306698873639107e-05
	 test accuracy; Trues: 0.9022735473190425 	 False: 0.00066015625 	 Acc: 0.1436185637661146
epoch: 21
	 train loss: 7.643422500584368e-05
	 test loss: 9.532564581604674e-05
	 test accuracy; Trues: 0.8680466331247906 	 False: 0.00059765625 	 Acc: 0.14338569504927598
epoch: 22
	 train loss: 7.724617869257481e-05
	 test loss: 0.00010032310819951817
	 test accuracy; Trues: 0.8624219089602437 	 False: 0.0006328125 	 Acc: 0.1418800608323439
epoch: 23
	 train loss: 7.69336045436558e-05
	 test loss: 8.429926674580202e-05
	 test accuracy; Trues: 0.885519442752998 	 False: 0.0005546875 	 Acc: 0.13728256199291494
epoch: 24
	 train loss: 7.879222346793727e-05
	 test loss: 0.00011856188211822882
	 test accuracy; Trues: 0.8409825381611722 	 False: 0.0006328125 	 Acc: 0.13654463739249628
epoch: 25
	 train loss: 8.771472707153549e-05
	 test loss: 8.83066386450082e-05
	 test accuracy; Trues: 0.9264346066753512 	 False: 0.00090625 	 Acc: 0.14624450873913344
epoch: 26
	 train loss: 9.546500031664509e-05
	 test loss: 0.0001293057284783572
	 test accuracy; Trues: 0.8211326627499653 	 False: 0.00077734375 	 Acc: 0.14266853702426674
epoch: 27
	 train loss: 0.00010250007407547675
	 test loss: 0.00013907795073464513
	 test accuracy; Trues: 0.8385602875418593 	 False: 0.00113671875 	 Acc: 0.14328541045127582
epoch: 28
	 train loss: 0.00011152990022727178
	 test loss: 9.605623199604452e-05
	 test accuracy; Trues: 0.9183605902521927 	 False: 0.0009296875 	 Acc: 0.14310078804777257
epoch: 29
	 train loss: 0.00011397975520645392
	 test loss: 0.00011786260438384488
	 test accuracy; Trues: 0.9269181014822806 	 False: 0.0014140625 	 Acc: 0.15975893699328755
epoch: 30
	 train loss: 0.00012373168663665031
	 test loss: 0.00014584491145797074
	 test accuracy; Trues: 0.816401288819249 	 False: 0.00096875 	 Acc: 0.15034608108844946
epoch: 31
	 train loss: 0.00012058618693191371
	 test loss: 0.0001413447316735983
	 test accuracy; Trues: 0.8375287004492331 	 False: 0.00108203125 	 Acc: 0.14881652256774872
epoch: 32
	 train loss: 0.00012889241837207955
	 test loss: 0.0001073640669346787
	 test accuracy; Trues: 0.9227413018844699 	 False: 0.001171875 	 Acc: 0.1559353685965719
epoch: 33
	 train loss: 0.00012881548526801209
	 test loss: 0.0001460970815969631
	 test accuracy; Trues: 0.8393306469928681 	 False: 0.00109375 	 Acc: 0.15025058746757483
epoch: 34
	 train loss: 0.00012956840408601285
	 test loss: 0.0001181132611236535
	 test accuracy; Trues: 0.9048204092644685 	 False: 0.00125390625 	 Acc: 0.15200695571128223
epoch: 35
slurmstepd: error: *** JOB 1383786 ON haicn1707 CANCELLED AT 2023-08-09T01:00:04 DUE TO TIME LIMIT ***

============================= JOB FEEDBACK =============================

Job ID: 1383786
Cluster: haic
User/Group: kj3268/scc
State: TIMEOUT (exit code 0)
Partition: normal
Nodes: 1
Cores per node: 16
Nodelist: haicn1707
CPU Utilized: 00:00:00
CPU Efficiency: 0.00% of 5-08:03:12 core-walltime
Job Wall-clock time: 08:00:12
Starttime: Tue Aug  8 16:59:52 2023
Endtime: Wed Aug  9 01:00:04 2023
Memory Utilized: 2.50 GB
Memory Efficiency: 4.85% of 51.56 GB
Energy Consumed: 18191960 Joule / 5053.32222222222 Watthours
Average node power draw: 631.402193530473 Watt
