cuda
36000
4000
=> loading checkpoint 'checkpoint_petsim_1hidden_mse_count_loss.pth.tar'
=> loaded checkpoint 'checkpoint_petsim_1hidden_mse_count_loss.pth.tar' (epoch 30)
Using: MSE_Count_Loss
epoch: 30
	 train loss: 9.47808251320718e-09
	 test loss: 8.62630322728819e-09
	 test accuracy; Trues: 0.8806565689277938 	 False: 0.00109765625 	 Acc: 0.14289604837189424
	 Precision: 0.8326384752829065 	 Recall: 0.8876190476190476 	 F1 Score: 0.8592501536570375
epoch: 31
	 train loss: 9.402127667436212e-09
	 test loss: 9.960938740505298e-09
	 test accuracy; Trues: 0.9016852035331919 	 False: 0.001515625 	 Acc: 0.1434483025882203
	 Precision: 0.787513691128149 	 Recall: 0.910126582278481 	 F1 Score: 0.8443922489724015
epoch: 32
	 train loss: 9.479890979472808e-09
	 test loss: 1.1018880918811647e-08
	 test accuracy; Trues: 0.8016248728325428 	 False: 0.00107421875 	 Acc: 0.13240166232741227
	 Precision: 0.823037323037323 	 Recall: 0.8084702907711757 	 F1 Score: 0.815688775510204
epoch: 33
	 train loss: 9.488933239351935e-09
	 test loss: 1.0270182926319649e-08
	 test accuracy; Trues: 0.8713585743733032 	 False: 0.0013125 	 Acc: 0.1408989598937833
	 Precision: 0.8046511627906977 	 Recall: 0.8781725888324873 	 F1 Score: 0.8398058252427184
epoch: 34
	 train loss: 9.400319216960421e-09
	 test loss: 9.83073178417726e-09
	 test accuracy; Trues: 0.8939766423684885 	 False: 0.0012890625 	 Acc: 0.14602164616937194
	 Precision: 0.8121798520204895 	 Recall: 0.9008838383838383 	 F1 Score: 0.8542352589045196
epoch: 35
	 train loss: 1.0092955277072078e-08
	 test loss: 1.1474612371387138e-08
	 test accuracy; Trues: 0.8707408449985937 	 False: 0.0015859375 	 Acc: 0.15965452379438835
	 Precision: 0.7731843575418994 	 Recall: 0.8770595690747782 	 F1 Score: 0.8218527315914489
epoch: 36
	 train loss: 1.1357061320814586e-08
	 test loss: 1.1507165886825987e-08
	 test accuracy; Trues: 0.8028753692049211 	 False: 0.00116796875 	 Acc: 0.14967481731191237
	 Precision: 0.8108791903858318 	 Recall: 0.8098547062539482 	 F1 Score: 0.8103666245259166
epoch: 37
	 train loss: 9.857856860091059e-09
	 test loss: 9.700523051492382e-09
	 test accuracy; Trues: 0.8817873796539107 	 False: 0.0012578125 	 Acc: 0.14944628295900786
	 Precision: 0.8141950375072129 	 Recall: 0.8907828282828283 	 F1 Score: 0.8507687669580947
epoch: 38
	 train loss: 1.0338904355854261e-08
	 test loss: 1.0058595734108167e-08
	 test accuracy; Trues: 0.8883421282621399 	 False: 0.00139453125 	 Acc: 0.1459484104821446
	 Precision: 0.799099606077659 	 Recall: 0.8958990536277602 	 F1 Score: 0.8447352766210589
epoch: 39
	 train loss: 1.0185186186599063e-08
	 test loss: 1.0270184702676488e-08
	 test accuracy; Trues: 0.8630683471851995 	 False: 0.00128125 	 Acc: 0.14979676009508627
	 Precision: 0.8069452619187758 	 Recall: 0.8677215189873417 	 F1 Score: 0.8362305580969808
epoch: 40
	 train loss: 1.0275608667756033e-08
	 test loss: 9.52148493382765e-09
	 test accuracy; Trues: 0.8963133550486008 	 False: 0.00133984375 	 Acc: 0.14361788336851217
	 Precision: 0.8061051441492368 	 Recall: 0.9048223350253807 	 F1 Score: 0.8526158445440956
epoch: 41
	 train loss: 1.0049552490522097e-08
	 test loss: 1.1214192241482124e-08
	 test accuracy; Trues: 0.8027856540217528 	 False: 0.0010234375 	 Acc: 0.14543912163012201
	 Precision: 0.8294270833333334 	 Recall: 0.8053097345132744 	 F1 Score: 0.8171905067350866
epoch: 42
	 train loss: 9.671586572008234e-09
	 test loss: 8.300784060111255e-09
	 test accuracy; Trues: 0.8990660490176636 	 False: 0.0011328125 	 Acc: 0.15114486483156542
	 Precision: 0.831981460023175 	 Recall: 0.9082858950031626 	 F1 Score: 0.8684608406410645
epoch: 43
	 train loss: 9.212240506034025e-09
	 test loss: 8.28450641421341e-09
	 test accuracy; Trues: 0.8949630539009004 	 False: 0.0010703125 	 Acc: 0.14790496095922684
	 Precision: 0.8389182833627278 	 Recall: 0.9031645569620254 	 F1 Score: 0.8698567509905517
epoch: 44
	 train loss: 8.955440707817766e-09
	 test loss: 1.0351561385846253e-08
	 test accuracy; Trues: 0.8173066467217004 	 False: 0.00091015625 	 Acc: 0.13669114705721913
	 Precision: 0.8472131147540983 	 Recall: 0.8197969543147208 	 F1 Score: 0.8332795872299258
epoch: 45
	 train loss: 9.371384020005912e-09
	 test loss: 8.821615438137087e-09
	 test accuracy; Trues: 0.9113565163274865 	 False: 0.00134765625 	 Acc: 0.14436316164381646
	 Precision: 0.8066143497757847 	 Recall: 0.9159770846594526 	 F1 Score: 0.8578241430700447
epoch: 46
	 train loss: 8.496094600789977e-09
	 test loss: 1.1555990830913743e-08
	 test accuracy; Trues: 0.781558147167653 	 False: 0.001015625 	 Acc: 0.13654389920482765
	 Precision: 0.8264352469959947 	 Recall: 0.7825537294563844 	 F1 Score: 0.8038961038961039
epoch: 47
	 train loss: 9.067564564683531e-09
	 test loss: 8.333333134658005e-09
	 test accuracy; Trues: 0.8872400660126453 	 False: 0.00104296875 	 Acc: 0.13605675874771483
	 Precision: 0.8408820023837902 	 Recall: 0.8936035465484484 	 F1 Score: 0.8664415105925699
epoch: 48
	 train loss: 8.70225779121054e-09
	 test loss: 9.049481164424833e-09
	 test accuracy; Trues: 0.8742417490797004 	 False: 0.001046875 	 Acc: 0.13487333617320216
	 Precision: 0.8376741368867353 	 Recall: 0.876425855513308 	 F1 Score: 0.8566119541653763
epoch: 49
	 train loss: 8.622686024750693e-09
	 test loss: 1.2679039151919369e-08
	 test accuracy; Trues: 0.7493102208090731 	 False: 0.0008984375 	 Acc: 0.13031524657960938
	 Precision: 0.8385964912280702 	 Recall: 0.7548957675300063 	 F1 Score: 0.7945478723404256
epoch: 50
	 train loss: 8.479818542955147e-09
	 test loss: 9.55403667290966e-09
	 test accuracy; Trues: 0.8313564195373221 	 False: 0.0009296875 	 Acc: 0.13274488222054243
	 Precision: 0.8468468468468469 	 Recall: 0.8334388853704876 	 F1 Score: 0.8400893712097032
epoch: 51
	 train loss: 8.362269346504389e-09
	 test loss: 1.1002603272913802e-08
	 test accuracy; Trues: 0.7831724603163205 	 False: 0.0008671875 	 Acc: 0.1270297415089957
	 Precision: 0.8475274725274725 	 Recall: 0.7874920229738354 	 F1 Score: 0.8164075421766458
epoch: 52
	 train loss: 7.85952049476969e-09
	 test loss: 9.147136381670862e-09
	 test accuracy; Trues: 0.8491313323338024 	 False: 0.0009140625 	 Acc: 0.13208661977778768
	 Precision: 0.8526448362720404 	 Recall: 0.8537200504413619 	 F1 Score: 0.853182104599874
epoch: 53
	 train loss: 8.130787827316983e-09
	 test loss: 7.42187600266675e-09
	 test accuracy; Trues: 0.9146269091463629 	 False: 0.0009921875 	 Acc: 0.14076867413751507
	 Precision: 0.8508514386376982 	 Recall: 0.9194162436548223 	 F1 Score: 0.8838060384263495
epoch: 54
	 train loss: 8.058449861970808e-09
	 test loss: 8.90299745037737e-09
	 test accuracy; Trues: 0.8580069094928368 	 False: 0.000953125 	 Acc: 0.1449377742677735
	 Precision: 0.8476903870162297 	 Recall: 0.8589500316255535 	 F1 Score: 0.8532830662896639
epoch: 55
	 train loss: 8.043982264085672e-09
	 test loss: 8.479819513240727e-09
	 test accuracy; Trues: 0.8809491610027691 	 False: 0.001015625 	 Acc: 0.1419155052923196
	 Precision: 0.84375 	 Recall: 0.8874841972187105 	 F1 Score: 0.8650646950092422
epoch: 56
	 train loss: 7.734737444309303e-09
	 test loss: 8.25195556330982e-09
	 test accuracy; Trues: 0.8870039003868537 	 False: 0.001046875 	 Acc: 0.14917868540208537
	 Precision: 0.8405710886377157 	 Recall: 0.893173198482933 	 F1 Score: 0.8660741648789456
epoch: 57
	 train loss: 7.729312108671769e-09
	 test loss: 8.463542755521303e-09
	 test accuracy; Trues: 0.846635358953464 	 False: 0.00087890625 	 Acc: 0.14726426880041749
	 Precision: 0.857685009487666 	 Recall: 0.8555205047318613 	 F1 Score: 0.8566013897662665
epoch: 58
	 train loss: 7.430918002803032e-09
	 test loss: 6.852214795571854e-09
	 test accuracy; Trues: 0.9249572495920434 	 False: 0.0009765625 	 Acc: 0.1454215060562037
	 Precision: 0.8556581986143187 	 Recall: 0.9350157728706625 	 F1 Score: 0.893578534820621
epoch: 59
	 train loss: 7.374856053448613e-09
	 test loss: 9.798177380559991e-09
	 test accuracy; Trues: 0.8184141090855446 	 False: 0.00084765625 	 Acc: 0.12804544963929537
	 Precision: 0.8572368421052632 	 Recall: 0.8257287705956907 	 F1 Score: 0.8411878631375082

============================= JOB FEEDBACK =============================

Job ID: 1385001
Cluster: haic
User/Group: kj3268/scc
State: COMPLETED (exit code 0)
Partition: normal
Nodes: 1
Cores per node: 16
Nodelist: haicn1706
CPU Utilized: 05:29:32
CPU Efficiency: 6.17% of 3-17:03:12 core-walltime
Job Wall-clock time: 05:33:57
Starttime: Wed Aug 23 07:50:10 2023
Endtime: Wed Aug 23 13:24:07 2023
Memory Utilized: 2.52 GB
Memory Efficiency: 4.88% of 51.56 GB
Energy Consumed: 13839162 Joule / 3844.21166666667 Watthours
Average node power draw: 690.680341368468 Watt
