cuda
36000
4000
Using: MSE_Count_Chamfer_Loss, (pretty implementation), weight = 0.1
epoch: 0
	 train loss: 0.17221024648265706
	 test loss: 0.009029479697346687
	 test accuracy; Trues: 0.18600227126784719 	 False: 0.0078125 	 Acc: 0.11288236311612629
	 Precision: 0.11894273127753303 	 Recall: 0.17142857142857143 	 F1 Score: 0.14044213263979194
epoch: 1
slurmstepd: error: *** JOB 1384958 ON haicn1706 CANCELLED AT 2023-08-23T00:33:40 DUE TO TIME LIMIT ***

============================= JOB FEEDBACK =============================

Job ID: 1384958
Cluster: haic
User/Group: kj3268/scc
State: TIMEOUT (exit code 0)
Partition: normal
Nodes: 1
Cores per node: 16
Nodelist: haicn1706
CPU Utilized: 00:00:00
CPU Efficiency: 0.00% of 5-08:04:32 core-walltime
Job Wall-clock time: 08:00:17
Starttime: Tue Aug 22 16:33:23 2023
Endtime: Wed Aug 23 00:33:40 2023
Memory Utilized: 2.90 GB
Memory Efficiency: 5.62% of 51.56 GB
Energy Consumed: 19164918 Joule / 5323.58833333333 Watthours
Average node power draw: 665.055973904293 Watt
