cuda
36000
4000
Using: MSE_Count_Chamfer_Loss, weight = 0.1
epoch: 0

============================= JOB FEEDBACK =============================

Job ID: 1383873
Cluster: haic
User/Group: kj3268/scc
State: TIMEOUT (exit code 0)
Partition: normal
Nodes: 1
Cores per node: 16
Nodelist: haicn1707
CPU Utilized: 00:00:00
CPU Efficiency: 0.00% of 5-08:05:20 core-walltime
Job Wall-clock time: 08:00:20
Starttime: Wed Aug  9 16:17:48 2023
Endtime: Thu Aug 10 00:18:08 2023
Memory Utilized: 2.88 GB
Memory Efficiency: 5.59% of 51.56 GB
Energy Consumed: 15596610 Joule / 4332.39166666667 Watthours
Average node power draw: 541.173143650243 Watt
