cuda
36000
4000
Using: MSE_Count_Chamfer_Loss (Bad implementation), weight = 0.1
epoch: 0
	 train loss: 0.6409924365373121
	 test loss: 0.1294274926185608
	 test accuracy; Trues: 0.20537635582043268 	 False: 0.005859375 	 Acc: 0.11395306682985892
epoch: 1
	 train loss: 0.1317143695704225
	 test loss: 0.08340523391962051
	 test accuracy; Trues: 0.47125620848015587 	 False: 0.00440625 	 Acc: 0.12378967019246882
epoch: 2
	 train loss: 0.08643117232413755
	 test loss: 0.08972711116075516
	 test accuracy; Trues: 0.5713660298368171 	 False: 0.0031171875 	 Acc: 0.14797769294848656
epoch: 3
	 train loss: 0.07422100270539522
	 test loss: 0.05505140498280525
	 test accuracy; Trues: 0.7336186689906617 	 False: 0.0033046875 	 Acc: 0.14137678952029842
epoch: 4
	 train loss: 0.05837723439807693
	 test loss: 0.044970590621232986
	 test accuracy; Trues: 0.7256216377552261 	 False: 0.00203125 	 Acc: 0.1355325504995236
epoch: 5
	 train loss: 0.056493439531160726
	 test loss: 0.03929165378212929
	 test accuracy; Trues: 0.7929708972609208 	 False: 0.0019765625 	 Acc: 0.1441590873781454
epoch: 6
	 train loss: 0.041397389000902576
	 test loss: 0.05945677310228348
	 test accuracy; Trues: 0.8785706341105883 	 False: 0.0019375 	 Acc: 0.14431778803159834
epoch: 7
	 train loss: 0.040896514009270406
	 test loss: 0.07182836532592773
	 test accuracy; Trues: 0.7719177589218192 	 False: 0.0013359375 	 Acc: 0.14110211784424687
epoch: 8
	 train loss: 0.03915607471308775
	 test loss: 0.06457295268774033
	 test accuracy; Trues: 0.8733843651243484 	 False: 0.00131640625 	 Acc: 0.15075423261725462
epoch: 9
	 train loss: 0.029841126908444697
	 test loss: 0.08629941195249557
	 test accuracy; Trues: 0.8826994807728967 	 False: 0.00124609375 	 Acc: 0.15362869939469165
epoch: 10
	 train loss: 0.02671773194438881
	 test loss: 0.05115995928645134
	 test accuracy; Trues: 0.8774668296321803 	 False: 0.0011171875 	 Acc: 0.14439558228992644
epoch: 11
slurmstepd: error: *** JOB 1383883 ON haicn1707 CANCELLED AT 2023-08-10T01:09:38 DUE TO TIME LIMIT ***

============================= JOB FEEDBACK =============================

Job ID: 1383883
Cluster: haic
User/Group: kj3268/scc
State: TIMEOUT (exit code 0)
Partition: normal
Nodes: 1
Cores per node: 16
Nodelist: haicn1707
CPU Utilized: 00:00:00
CPU Efficiency: 0.00% of 5-08:04:48 core-walltime
Job Wall-clock time: 08:00:18
Starttime: Wed Aug  9 17:09:20 2023
Endtime: Thu Aug 10 01:09:38 2023
Memory Utilized: 2.55 GB
Memory Efficiency: 4.95% of 51.56 GB
Energy Consumed: 15647581 Joule / 4346.55027777778 Watthours
Average node power draw: 542.979422583108 Watt
