cuda
36000
4000
Using: MSE_Count_Timing_Loss, weight = 0.1
epoch: 0
	 train loss: 0.011218180170334461
	 test loss: 0.0008964358712546527
	 test accuracy; Trues: 0.20537635582043268 	 False: 0.005859375 	 Acc: 0.11395306682985892
	 Precision: 0.17035398230088494 	 Recall: 0.1949367088607595 	 F1 Score: 0.1818181818181818
epoch: 1
	 train loss: 0.0007781426470933689
	 test loss: 0.0005966194439679384
	 test accuracy; Trues: 0.47125620848015587 	 False: 0.00440625 	 Acc: 0.12378967019246882
	 Precision: 0.3905996758508914 	 Recall: 0.4584654407102093 	 F1 Score: 0.4218203033838973
epoch: 2
	 train loss: 0.0005404969305834837
	 test loss: 0.0004401617625262588
	 test accuracy; Trues: 0.5713660298368171 	 False: 0.0031171875 	 Acc: 0.14797769294848656
	 Precision: 0.527810650887574 	 Recall: 0.564914502849905 	 F1 Score: 0.5457326399510554
epoch: 3
	 train loss: 0.0003916724793250776
	 test loss: 0.0003590986889321357
	 test accuracy; Trues: 0.7336186689906617 	 False: 0.0033046875 	 Acc: 0.14137678952029842
	 Precision: 0.5793137742416709 	 Recall: 0.7373417721518988 	 F1 Score: 0.6488443330548594
epoch: 4
	 train loss: 0.00031273812726916126
	 test loss: 0.00027907913317903876
	 test accuracy; Trues: 0.7256216377552261 	 False: 0.00203125 	 Acc: 0.1355325504995236
	 Precision: 0.6882494004796164 	 Recall: 0.7275031685678074 	 F1 Score: 0.707332101047443
epoch: 5
	 train loss: 0.00025400649862260456
	 test loss: 0.0002345822867937386
	 test accuracy; Trues: 0.7929708972609208 	 False: 0.0019765625 	 Acc: 0.1441590873781454
	 Precision: 0.7120091064314172 	 Recall: 0.792273590880304 	 F1 Score: 0.7500000000000001
epoch: 6
	 train loss: 0.0002136678589740768
	 test loss: 0.00018706254195421934
	 test accuracy; Trues: 0.8785706341105883 	 False: 0.0019375 	 Acc: 0.14431778803159834
	 Precision: 0.7381203801478353 	 Recall: 0.8848101265822785 	 F1 Score: 0.8048359240069085
epoch: 7
	 train loss: 0.0001827724974654201
	 test loss: 0.000194332969840616
	 test accuracy; Trues: 0.7719177589218192 	 False: 0.0013359375 	 Acc: 0.14110211784424687
	 Precision: 0.781190019193858 	 Recall: 0.7737642585551331 	 F1 Score: 0.7774594078319007
epoch: 8
	 train loss: 0.00017491304969169302
	 test loss: 0.00014833170280326158
	 test accuracy; Trues: 0.8733843651243484 	 False: 0.00131640625 	 Acc: 0.15075423261725462
	 Precision: 0.8045243619489559 	 Recall: 0.8789607097591888 	 F1 Score: 0.8400969109630527
epoch: 9
	 train loss: 0.00014913251413823205
	 test loss: 0.00013710709754377604
	 test accuracy; Trues: 0.8826994807728967 	 False: 0.00124609375 	 Acc: 0.15362869939469165
	 Precision: 0.8147502903600464 	 Recall: 0.8879746835443038 	 F1 Score: 0.8497880072683222
epoch: 10
	 train loss: 0.0001390648235111437
	 test loss: 0.00013057648902758956
	 test accuracy; Trues: 0.8774668296321803 	 False: 0.0011171875 	 Acc: 0.14439558228992644
	 Precision: 0.830166270783848 	 Recall: 0.883133291219204 	 F1 Score: 0.8558310376492194
epoch: 11
	 train loss: 0.00013376073365280818
	 test loss: 0.00015058448479976505
	 test accuracy; Trues: 0.8553558985526034 	 False: 0.0012890625 	 Acc: 0.14629454087768295
	 Precision: 0.8047337278106509 	 Recall: 0.861850443599493 	 F1 Score: 0.832313341493268
epoch: 12
	 train loss: 0.00013520029723042783
	 test loss: 0.00015230693679768592
	 test accuracy; Trues: 0.837451246405138 	 False: 0.0012109375 	 Acc: 0.13889815546315512
	 Precision: 0.8110907982937233 	 Recall: 0.8418722327640734 	 F1 Score: 0.8261949099937927
epoch: 13
	 train loss: 0.00012672575618608148
	 test loss: 0.00011130489292554557
	 test accuracy; Trues: 0.8909692358005423 	 False: 0.000921875 	 Acc: 0.14286877793350672
	 Precision: 0.8570563294972744 	 Recall: 0.896136795440152 	 F1 Score: 0.8761609907120743
epoch: 14
	 train loss: 0.00010483548288473482
	 test loss: 9.906245395541191e-05
	 test accuracy; Trues: 0.8952650180158211 	 False: 0.0008203125 	 Acc: 0.14635753695328296
	 Precision: 0.8719512195121951 	 Recall: 0.9039190897597977 	 F1 Score: 0.8876474239602732
epoch: 15
	 train loss: 9.460576302669447e-05
	 test loss: 9.48121742112562e-05
	 test accuracy; Trues: 0.9202352963028738 	 False: 0.00087890625 	 Acc: 0.14692069977393138
	 Precision: 0.866785079928952 	 Recall: 0.9259962049335864 	 F1 Score: 0.8954128440366973
epoch: 16
	 train loss: 8.932736425964825e-05
	 test loss: 9.684600809123367e-05
	 test accuracy; Trues: 0.8943032480102606 	 False: 0.00071875 	 Acc: 0.15002484918888098
	 Precision: 0.8854296388542964 	 Recall: 0.9011406844106464 	 F1 Score: 0.8932160804020101
epoch: 17
	 train loss: 8.499695853746737e-05
	 test loss: 8.555197564419359e-05
	 test accuracy; Trues: 0.9209951068502403 	 False: 0.0008125 	 Acc: 0.14238091645100182
	 Precision: 0.8760429082240763 	 Recall: 0.928030303030303 	 F1 Score: 0.9012875536480687
epoch: 18
	 train loss: 8.16083028462297e-05
	 test loss: 9.405364835401997e-05
	 test accuracy; Trues: 0.8731096430969755 	 False: 0.00058203125 	 Acc: 0.1398373166027202
	 Precision: 0.9033722438391699 	 Recall: 0.8816455696202532 	 F1 Score: 0.8923766816143497
epoch: 19
	 train loss: 8.013504140779147e-05
	 test loss: 9.830998169491068e-05
	 test accuracy; Trues: 0.8776212152779335 	 False: 0.000640625 	 Acc: 0.14396007009396142
	 Precision: 0.8948717948717949 	 Recall: 0.8818698673404928 	 F1 Score: 0.8883232580337259
epoch: 20
	 train loss: 8.007738254300121e-05
	 test loss: 8.306698873639107e-05
	 test accuracy; Trues: 0.9022735473190425 	 False: 0.00066015625 	 Acc: 0.1436185637661146
	 Precision: 0.8950310559006212 	 Recall: 0.9102969046114971 	 F1 Score: 0.9025994362668337
epoch: 21
	 train loss: 7.643422500584368e-05
	 test loss: 9.532564581604674e-05
	 test accuracy; Trues: 0.8680466331247906 	 False: 0.00059765625 	 Acc: 0.14338569504927598
	 Precision: 0.900455432661028 	 Recall: 0.8748419721871049 	 F1 Score: 0.8874639307470343
epoch: 22
	 train loss: 7.724617869257481e-05
	 test loss: 0.00010032310819951817
	 test accuracy; Trues: 0.8624219089602437 	 False: 0.0006328125 	 Acc: 0.1418800608323439
	 Precision: 0.8941176470588236 	 Recall: 0.8663711209626346 	 F1 Score: 0.8800257317465424
epoch: 23
	 train loss: 7.69336045436558e-05
	 test loss: 8.429926674580202e-05
	 test accuracy; Trues: 0.885519442752998 	 False: 0.0005546875 	 Acc: 0.13728256199291494
	 Precision: 0.9082094376212023 	 Recall: 0.891497461928934 	 F1 Score: 0.8997758565481909
epoch: 24
	 train loss: 7.879222346793727e-05
	 test loss: 0.00011856188211822882
	 test accuracy; Trues: 0.8409825381611722 	 False: 0.0006328125 	 Acc: 0.13654463739249628
	 Precision: 0.8918558077436582 	 Recall: 0.8434343434343434 	 F1 Score: 0.8669695003244646
epoch: 25
	 train loss: 8.771472707153549e-05
	 test loss: 8.83066386450082e-05
	 test accuracy; Trues: 0.9264346066753512 	 False: 0.00090625 	 Acc: 0.14624450873913344
	 Precision: 0.8645650904845301 	 Recall: 0.934384858044164 	 F1 Score: 0.8981200727713766
epoch: 26
	 train loss: 9.546500031664509e-05
	 test loss: 0.0001293057284783572
	 test accuracy; Trues: 0.8211326627499653 	 False: 0.00077734375 	 Acc: 0.14266853702426674
	 Precision: 0.8674217188540972 	 Recall: 0.824572514249525 	 F1 Score: 0.8454545454545453
epoch: 27
	 train loss: 0.00010250007407547675
	 test loss: 0.00013907795073464513
	 test accuracy; Trues: 0.8385602875418593 	 False: 0.00113671875 	 Acc: 0.14328541045127582
	 Precision: 0.8210332103321033 	 Recall: 0.8438685208596713 	 F1 Score: 0.8322942643391521
epoch: 28
	 train loss: 0.00011152990022727178
	 test loss: 9.605623199604452e-05
	 test accuracy; Trues: 0.9183605902521927 	 False: 0.0009296875 	 Acc: 0.14310078804777257
	 Precision: 0.859752504419564 	 Recall: 0.9240025332488917 	 F1 Score: 0.8907203907203908
epoch: 29
	 train loss: 0.00011397975520645392
	 test loss: 0.00011786260438384488
	 test accuracy; Trues: 0.9269181014822806 	 False: 0.0014140625 	 Acc: 0.15975893699328755
	 Precision: 0.8035811177428106 	 Recall: 0.9373417721518987 	 F1 Score: 0.8653228162430616

============================= JOB FEEDBACK =============================

Job ID: 1384623
Cluster: haic
User/Group: kj3268/scc
State: COMPLETED (exit code 0)
Partition: normal
Nodes: 1
Cores per node: 16
Nodelist: haicn1708
CPU Utilized: 06:47:02
CPU Efficiency: 6.11% of 4-14:58:24 core-walltime
Job Wall-clock time: 06:56:09
Starttime: Fri Aug 18 15:55:41 2023
Endtime: Fri Aug 18 22:51:50 2023
Memory Utilized: 2.50 GB
Memory Efficiency: 4.85% of 51.56 GB
Energy Consumed: 17296455 Joule / 4804.57083333333 Watthours
Average node power draw: 692.71716928992 Watt
