cuda
92160
10240
Using: MSE_Count_Loss
epoch: 0
No True Positives!
False_positives: 0.0
False_negatives: 973.0
	 train loss: 5.0001077283827235e-08
	 test loss: 1.6530335988917955e-09
	 test accuracy; Trues: 0.015625 	 False: 0.0 	 Acc: 0.000390625
	 Precision: 0 	 Recall: 0 	 F1 Score: 0
epoch: 1
No True Positives!
False_positives: 6.0
False_negatives: 973.0
	 train loss: 1.1114578133803901e-07
	 test loss: 1.658120418746023e-09
	 test accuracy; Trues: 0.01953125 	 False: 1.4648437500000003e-05 	 Acc: 0.00048828125
	 Precision: 0 	 Recall: 0 	 F1 Score: 0
epoch: 2
No True Positives!
False_positives: 63.0
False_negatives: 973.0
	 train loss: 1.8978732259521278e-08
	 test loss: 1.7064396562460615e-09
	 test accuracy; Trues: 0.01953125 	 False: 0.0001538085937499999 	 Acc: 0.00048828125
	 Precision: 0 	 Recall: 0 	 F1 Score: 0
epoch: 3
No True Positives!
False_positives: 0.0
False_negatives: 973.0
	 train loss: 3.19558625806082e-09
	 test loss: 1.6530331548025856e-09
	 test accuracy; Trues: 0.00390625 	 False: 0.0 	 Acc: 9.765625e-05
	 Precision: 0 	 Recall: 0 	 F1 Score: 0
epoch: 4
slurmstepd: error: *** JOB 1384763 ON haicn1706 CANCELLED AT 2023-08-21T22:30:03 DUE TO TIME LIMIT ***

============================= JOB FEEDBACK =============================

Job ID: 1384763
Cluster: haic
User/Group: kj3268/scc
State: TIMEOUT (exit code 0)
Partition: normal
Nodes: 1
Cores per node: 16
Nodelist: haicn1706
CPU Utilized: 00:00:00
CPU Efficiency: 0.00% of 5-08:05:36 core-walltime
Job Wall-clock time: 08:00:21
Starttime: Mon Aug 21 14:29:42 2023
Endtime: Mon Aug 21 22:30:03 2023
Memory Utilized: 4.16 GB
Memory Efficiency: 1.66% of 250.00 GB
Energy Consumed: 18776178 Joule / 5215.605 Watthours
Average node power draw: 651.475590715104 Watt
