cuda
92160
10240
=> loading checkpoint 'checkpoint_safirsim_1hidden_mse_count_loss.pth.tar'
=> loaded checkpoint 'checkpoint_safirsim_1hidden_mse_count_loss.pth.tar' (epoch 5)
Using: MSE_Count_Loss
epoch: 5
	 train loss: 3.916422834012815e-09
	 test loss: 3.256053870970277e-09
	 test accuracy; Trues: 0.05133153521825396 	 False: 0.0049316406249999955 	 Acc: 0.04614305020066738
	 Precision: 0.014153245485602733 	 Recall: 0.029804727646454265 	 F1 Score: 0.019192587690271344
epoch: 6
	 train loss: 3.161960416414589e-09
	 test loss: 1.944646887963586e-09
	 test accuracy; Trues: 0.027647569444444447 	 False: 0.0010107421875000008 	 Acc: 0.020895379577020205
	 Precision: 0.03944315545243619 	 Recall: 0.017471736896197326 	 F1 Score: 0.02421652421652421
epoch: 7
	 train loss: 3.1361523244470712e-09
	 test loss: 2.3913899749317125e-09
	 test accuracy; Trues: 0.06358971974206348 	 False: 0.0024560546874999993 	 Acc: 0.05215893942212303
	 Precision: 0.03732057416267943 	 Recall: 0.040082219938335044 	 F1 Score: 0.03865213082259663
epoch: 8
	 train loss: 3.1149595712041803e-09
	 test loss: 2.533805165683134e-09
	 test accuracy; Trues: 0.05462577786796536 	 False: 0.0029125976562499986 	 Acc: 0.04890051639441289
	 Precision: 0.0340080971659919 	 Recall: 0.04316546762589928 	 F1 Score: 0.03804347826086956
epoch: 9
	 train loss: 3.0786963939148647e-09
	 test loss: 2.7864235363495027e-09
	 test accuracy; Trues: 0.07493334573412697 	 False: 0.0036791992187500005 	 Acc: 0.04722977895585317
	 Precision: 0.02962009014810045 	 Recall: 0.047276464542651594 	 F1 Score: 0.03642121931908155
epoch: 10
slurmstepd: error: *** JOB 1384998 ON haicn1706 CANCELLED AT 2023-08-23T15:47:40 DUE TO TIME LIMIT ***

============================= JOB FEEDBACK =============================

Job ID: 1384998
Cluster: haic
User/Group: kj3268/scc
State: TIMEOUT (exit code 0)
Partition: normal
Nodes: 1
Cores per node: 16
Nodelist: haicn1706
CPU Utilized: 00:00:00
CPU Efficiency: 0.00% of 5-08:03:44 core-walltime
Job Wall-clock time: 08:00:14
Starttime: Wed Aug 23 07:47:26 2023
Endtime: Wed Aug 23 15:47:40 2023
Memory Utilized: 4.32 GB
Memory Efficiency: 1.73% of 250.00 GB
Energy Consumed: 19994414 Joule / 5554.00388888889 Watthours
Average node power draw: 693.913167210384 Watt
