cuda
92160
10240
=> loading checkpoint 'checkpoint_safirsim_2hidden_mse_count_loss.pth.tar'
=> loaded checkpoint 'checkpoint_safirsim_2hidden_mse_count_loss.pth.tar' (epoch 3)
Using: MSE_Count_Loss
epoch: 3
No True Positives!
False_positives: 0.0
False_negatives: 973.0
	 train loss: 9.258207952907623e-07
	 test loss: 1.6530335988917955e-09
	 test accuracy; Trues: 0.015625 	 False: 0.0 	 Acc: 0.000390625
	 Precision: 0 	 Recall: 0 	 F1 Score: 0
epoch: 4
No True Positives!
False_positives: 7.0
False_negatives: 973.0
	 train loss: 1.1944740790778677e-07
	 test loss: 1.6589680740253243e-09
	 test accuracy; Trues: 0.01953125 	 False: 1.7089843749999998e-05 	 Acc: 0.00048828125
	 Precision: 0 	 Recall: 0 	 F1 Score: 0
epoch: 5
No True Positives!
False_positives: 0.0
False_negatives: 973.0
	 train loss: 8.663062231978055e-07
	 test loss: 1.6530329327579807e-09
	 test accuracy; Trues: 0.01953125 	 False: 0.0 	 Acc: 0.00048828125
	 Precision: 0 	 Recall: 0 	 F1 Score: 0
epoch: 6
No True Positives!
False_positives: 373.0
False_negatives: 973.0
	 train loss: 9.338614882516177e-08
	 test loss: 1.9683816798732323e-09
	 test accuracy; Trues: 0.00390625 	 False: 0.0009106445312500012 	 Acc: 0.0004231770833333334
	 Precision: 0 	 Recall: 0 	 F1 Score: 0
epoch: 7
slurmstepd: error: *** JOB 1385292 ON haicn1708 CANCELLED AT 2023-08-24T01:46:11 DUE TO TIME LIMIT ***

============================= JOB FEEDBACK =============================

Job ID: 1385292
Cluster: haic
User/Group: kj3268/scc
State: TIMEOUT (exit code 0)
Partition: normal
Nodes: 1
Cores per node: 16
Nodelist: haicn1708
CPU Utilized: 00:00:00
CPU Efficiency: 0.00% of 5-08:07:12 core-walltime
Job Wall-clock time: 08:00:27
Starttime: Wed Aug 23 17:45:44 2023
Endtime: Thu Aug 24 01:46:11 2023
Memory Utilized: 4.34 GB
Memory Efficiency: 1.74% of 250.00 GB
Energy Consumed: 19228221 Joule / 5341.1725 Watthours
Average node power draw: 667.021230096784 Watt
